

Started GET "/" for ::1 at 2017-05-27 20:06:12 +0700
Processing by Rails::WelcomeController#index as HTML
  Rendered /Users/williamsetiono/.rvm/gems/ruby-2.3.3/gems/railties-4.2.0/lib/rails/templates/rails/welcome/index.html.erb (2.9ms)
Completed 200 OK in 28ms (Views: 15.6ms | ActiveRecord: 0.0ms)


Started GET "/pages/about" for ::1 at 2017-05-27 20:09:04 +0700
Processing by PagesController#about as HTML
  Rendered pages/about.html.erb within layouts/application (2.3ms)
Completed 200 OK in 1087ms (Views: 1076.8ms | ActiveRecord: 0.0ms)


Started GET "/assets/jquery.self-bd7ddd393353a8d2480a622e80342adf488fb6006d667e8b42e4c0073393abee.js?body=1" for ::1 at 2017-05-27 20:09:05 +0700


Started GET "/assets/pages.self-e3b0c44298fc1c149afbf4c8996fb92427ae41e4649b934ca495991b7852b855.css?body=1" for ::1 at 2017-05-27 20:09:05 +0700


Started GET "/assets/application.self-e80e8f2318043e8af94dddc2adad5a4f09739a8ebb323b3ab31cd71d45fd9113.css?body=1" for ::1 at 2017-05-27 20:09:05 +0700


Started GET "/assets/jquery_ujs.self-784a997f6726036b1993eb2217c9cb558e1cbb801c6da88105588c56f13b466a.js?body=1" for ::1 at 2017-05-27 20:09:05 +0700


Started GET "/assets/application.self-3a3c8b61bda630ee689740ce7cbd0dd8ea6fdd45e2c42eef4661ab38cf268afe.js?body=1" for ::1 at 2017-05-27 20:09:05 +0700


Started GET "/assets/turbolinks.self-1d1fddf91adc38ac2045c51f0a3e05ca97d07d24d15a4dcbf705009106489e69.js?body=1" for ::1 at 2017-05-27 20:09:05 +0700


Started GET "/assets/pages.self-877aef30ae1b040ab8a3aba4e3e309a11d7f2612f44dde450b5c157aa5f95c05.js?body=1" for ::1 at 2017-05-27 20:09:05 +0700


Started GET "/pages/contat" for ::1 at 2017-05-27 20:09:07 +0700
Processing by PagesController#contat as HTML
  Rendered pages/contat.html.erb within layouts/application (0.4ms)
Completed 200 OK in 27ms (Views: 25.7ms | ActiveRecord: 0.0ms)


Started GET "/pages/contat" for ::1 at 2017-05-27 20:12:32 +0700
Processing by PagesController#contat as HTML
  Rendered pages/contat.html.erb within layouts/application (3.2ms)
Completed 200 OK in 89ms (Views: 80.8ms | ActiveRecord: 0.0ms)


Started GET "/pages/about" for ::1 at 2017-05-27 20:12:53 +0700
Processing by PagesController#about as HTML
  Rendered pages/about.html.erb within layouts/application (0.1ms)
Completed 200 OK in 43ms (Views: 41.7ms | ActiveRecord: 0.0ms)


Started GET "/pages/about" for ::1 at 2017-05-27 20:17:55 +0700
Processing by PagesController#about as HTML
  Rendered pages/about.html.erb within layouts/application (0.0ms)
Completed 200 OK in 37ms (Views: 36.1ms | ActiveRecord: 0.0ms)


Started GET "/pages/about" for ::1 at 2017-05-27 20:19:36 +0700
Processing by PagesController#about as HTML
  Rendered pages/about.html.erb within layouts/application (0.1ms)
Completed 200 OK in 28ms (Views: 27.6ms | ActiveRecord: 0.0ms)


Started GET "/pages/about" for ::1 at 2017-05-27 20:19:58 +0700
Processing by PagesController#about as HTML
  Rendered pages/about.html.erb within layouts/application (0.2ms)
Completed 200 OK in 35ms (Views: 33.9ms | ActiveRecord: 0.0ms)


Started GET "/pages/about" for ::1 at 2017-05-27 20:21:12 +0700
Processing by PagesController#about as HTML
  Rendered pages/about.html.erb within layouts/application (0.1ms)
Completed 200 OK in 59ms (Views: 58.4ms | ActiveRecord: 0.0ms)


Started GET "/pages/about" for ::1 at 2017-05-27 20:21:55 +0700
Processing by PagesController#about as HTML
  Rendered pages/about.html.erb within layouts/application (0.1ms)
Completed 200 OK in 28ms (Views: 26.5ms | ActiveRecord: 0.0ms)


Started GET "/pages/about" for ::1 at 2017-05-27 20:21:58 +0700
Processing by PagesController#about as HTML
  Rendered pages/about.html.erb within layouts/application (0.0ms)
Completed 200 OK in 42ms (Views: 41.7ms | ActiveRecord: 0.0ms)


Started GET "/pages/about" for ::1 at 2017-05-27 20:22:18 +0700
Processing by PagesController#about as HTML
  Rendered pages/about.html.erb within layouts/application (0.1ms)
Completed 200 OK in 45ms (Views: 45.0ms | ActiveRecord: 0.0ms)


Started GET "/pages/about" for ::1 at 2017-05-27 20:23:45 +0700
Processing by PagesController#about as HTML
  Rendered pages/about.html.erb within layouts/application (1.6ms)
Completed 200 OK in 288ms (Views: 276.8ms | ActiveRecord: 0.0ms)


Started GET "/pages/about" for ::1 at 2017-05-27 20:23:47 +0700
Processing by PagesController#about as HTML
  Rendered pages/about.html.erb within layouts/application (0.1ms)
Completed 200 OK in 36ms (Views: 35.7ms | ActiveRecord: 0.0ms)


Started GET "/pages/about" for ::1 at 2017-05-27 20:23:48 +0700
Processing by PagesController#about as HTML
  Rendered pages/about.html.erb within layouts/application (0.1ms)
Completed 200 OK in 25ms (Views: 24.5ms | ActiveRecord: 0.0ms)


Started GET "/pages/about" for ::1 at 2017-05-27 20:23:51 +0700
Processing by PagesController#about as HTML
  Rendered pages/about.html.erb within layouts/application (0.1ms)
Completed 200 OK in 31ms (Views: 30.7ms | ActiveRecord: 0.0ms)


Started GET "/pages/about" for ::1 at 2017-05-27 20:23:52 +0700
Processing by PagesController#about as HTML
  Rendered pages/about.html.erb within layouts/application (0.1ms)
Completed 200 OK in 44ms (Views: 42.9ms | ActiveRecord: 0.0ms)


Started GET "/pages/about" for ::1 at 2017-05-27 20:23:53 +0700
Processing by PagesController#about as HTML
  Rendered pages/about.html.erb within layouts/application (0.1ms)
Completed 200 OK in 29ms (Views: 28.1ms | ActiveRecord: 0.0ms)


Started GET "/" for ::1 at 2017-05-27 20:23:59 +0700
Processing by Rails::WelcomeController#index as HTML
  Rendered /Users/williamsetiono/.rvm/gems/ruby-2.3.3/gems/railties-4.2.0/lib/rails/templates/rails/welcome/index.html.erb (1.0ms)
Completed 200 OK in 7ms (Views: 6.2ms | ActiveRecord: 0.0ms)


Started GET "/pages/contat" for ::1 at 2017-05-27 20:24:05 +0700
Processing by PagesController#contat as HTML
  Rendered pages/contat.html.erb within layouts/application (0.4ms)
Completed 200 OK in 17ms (Views: 16.7ms | ActiveRecord: 0.0ms)


Started GET "/pages/contat" for ::1 at 2017-05-27 20:26:51 +0700
Processing by PagesController#contat as HTML
  Rendered pages/contat.html.erb within layouts/application (0.2ms)
Completed 200 OK in 29ms (Views: 28.2ms | ActiveRecord: 0.0ms)


Started GET "/pages/contat" for ::1 at 2017-05-27 20:26:53 +0700
Processing by PagesController#contat as HTML
  Rendered pages/contat.html.erb within layouts/application (0.0ms)
Completed 200 OK in 19ms (Views: 18.5ms | ActiveRecord: 0.0ms)


Started GET "/pages/contat" for ::1 at 2017-05-27 20:26:53 +0700
Processing by PagesController#contat as HTML
  Rendered pages/contat.html.erb within layouts/application (0.0ms)
Completed 200 OK in 20ms (Views: 18.4ms | ActiveRecord: 0.0ms)


Started GET "/pages/contat" for ::1 at 2017-05-27 20:27:22 +0700
Processing by PagesController#contat as HTML
  Rendered pages/contat.html.erb within layouts/application (0.0ms)
Completed 200 OK in 101ms (Views: 100.4ms | ActiveRecord: 0.0ms)


Started GET "/pages/contat" for ::1 at 2017-05-27 20:27:26 +0700
Processing by PagesController#contat as HTML
  Rendered pages/contat.html.erb within layouts/application (0.1ms)
Completed 200 OK in 51ms (Views: 49.8ms | ActiveRecord: 0.0ms)


Started GET "/pages/about" for ::1 at 2017-05-27 20:27:28 +0700
Processing by PagesController#about as HTML
  Rendered pages/about.html.erb within layouts/application (0.1ms)
Completed 200 OK in 42ms (Views: 40.5ms | ActiveRecord: 0.0ms)


Started GET "/pages/about" for ::1 at 2017-05-27 20:27:30 +0700
Processing by PagesController#about as HTML
  Rendered pages/about.html.erb within layouts/application (0.1ms)
Completed 200 OK in 31ms (Views: 30.2ms | ActiveRecord: 0.0ms)


Started GET "/pages/about" for ::1 at 2017-05-27 20:27:31 +0700
Processing by PagesController#about as HTML
  Rendered pages/about.html.erb within layouts/application (0.1ms)
Completed 200 OK in 43ms (Views: 42.3ms | ActiveRecord: 0.0ms)


Started GET "/pages/about" for ::1 at 2017-05-27 20:27:33 +0700
Processing by PagesController#about as HTML
  Rendered pages/about.html.erb within layouts/application (0.1ms)
Completed 200 OK in 49ms (Views: 40.6ms | ActiveRecord: 0.0ms)


Started GET "/pages/about" for ::1 at 2017-05-27 20:27:34 +0700
Processing by PagesController#about as HTML
  Rendered pages/about.html.erb within layouts/application (0.1ms)
Completed 200 OK in 36ms (Views: 35.6ms | ActiveRecord: 0.0ms)


Started GET "/pages/contat" for ::1 at 2017-05-27 20:27:34 +0700
Processing by PagesController#contat as HTML
  Rendered pages/contat.html.erb within layouts/application (0.0ms)
Completed 200 OK in 42ms (Views: 40.0ms | ActiveRecord: 0.0ms)


Started GET "/pages/contat" for ::1 at 2017-05-27 20:27:35 +0700
Processing by PagesController#contat as HTML
  Rendered pages/contat.html.erb within layouts/application (0.0ms)
Completed 200 OK in 46ms (Views: 45.8ms | ActiveRecord: 0.0ms)


Started GET "/pages/contat" for ::1 at 2017-05-27 20:29:30 +0700
Processing by PagesController#contat as HTML
  Rendered pages/contat.html.erb within layouts/application (0.3ms)
Completed 200 OK in 90ms (Views: 85.1ms | ActiveRecord: 0.0ms)


Started GET "/pages/contat" for ::1 at 2017-05-27 20:29:31 +0700
Processing by PagesController#contat as HTML
  Rendered pages/contat.html.erb within layouts/application (0.1ms)
Completed 200 OK in 19ms (Views: 18.4ms | ActiveRecord: 0.0ms)


Started GET "/pages/contat" for ::1 at 2017-05-27 20:29:32 +0700
Processing by PagesController#contat as HTML
  Rendered pages/contat.html.erb within layouts/application (0.1ms)
Completed 200 OK in 21ms (Views: 19.9ms | ActiveRecord: 0.0ms)


Started GET "/pages/contat" for ::1 at 2017-05-27 20:29:32 +0700
Processing by PagesController#contat as HTML
  Rendered pages/contat.html.erb within layouts/application (0.0ms)
Completed 200 OK in 21ms (Views: 21.0ms | ActiveRecord: 0.0ms)


Started GET "/pages/contat" for ::1 at 2017-05-27 20:29:32 +0700
Processing by PagesController#contat as HTML
  Rendered pages/contat.html.erb within layouts/application (0.1ms)
Completed 200 OK in 55ms (Views: 54.0ms | ActiveRecord: 0.0ms)


Started GET "/pages/contat" for ::1 at 2017-05-27 20:29:33 +0700
Processing by PagesController#contat as HTML
  Rendered pages/contat.html.erb within layouts/application (0.0ms)
Completed 200 OK in 18ms (Views: 17.4ms | ActiveRecord: 0.0ms)


Started GET "/pages/contat" for ::1 at 2017-05-27 20:29:35 +0700
Processing by PagesController#contat as HTML
  Rendered pages/contat.html.erb within layouts/application (0.1ms)
Completed 200 OK in 30ms (Views: 29.3ms | ActiveRecord: 0.0ms)


Started GET "/pages/contat" for ::1 at 2017-05-27 20:30:16 +0700
Processing by PagesController#contat as HTML
  Rendered pages/contat.html.erb within layouts/application (0.1ms)
Completed 200 OK in 29ms (Views: 28.7ms | ActiveRecord: 0.0ms)


Started GET "/pages/contat" for ::1 at 2017-05-27 20:30:17 +0700
Processing by PagesController#contat as HTML
  Rendered pages/contat.html.erb within layouts/application (0.0ms)
Completed 200 OK in 15ms (Views: 14.5ms | ActiveRecord: 0.0ms)


Started GET "/pages/contat" for ::1 at 2017-05-27 20:32:00 +0700
Processing by PagesController#contat as HTML
  Rendered pages/contat.html.erb within layouts/application (0.8ms)
Completed 200 OK in 41ms (Views: 40.4ms | ActiveRecord: 0.0ms)


Started GET "/pages/contat" for ::1 at 2017-05-27 20:32:28 +0700
Processing by PagesController#contat as HTML
  Rendered pages/contat.html.erb within layouts/application (0.1ms)
Completed 200 OK in 37ms (Views: 35.8ms | ActiveRecord: 0.0ms)


Started GET "/pages/contat" for ::1 at 2017-05-27 20:32:52 +0700
Processing by PagesController#contat as HTML
  Rendered pages/contat.html.erb within layouts/application (0.1ms)
Completed 200 OK in 38ms (Views: 37.0ms | ActiveRecord: 0.0ms)


Started GET "/pages/contat" for ::1 at 2017-05-27 20:33:25 +0700
Processing by PagesController#contat as HTML
  Rendered pages/contat.html.erb within layouts/application (0.1ms)
Completed 200 OK in 36ms (Views: 34.8ms | ActiveRecord: 0.0ms)


Started GET "/pages/contat" for ::1 at 2017-05-27 20:33:57 +0700
Processing by PagesController#contat as HTML
  Rendered pages/contat.html.erb within layouts/application (0.1ms)
Completed 200 OK in 41ms (Views: 40.3ms | ActiveRecord: 0.0ms)


Started GET "/pages/contat" for ::1 at 2017-05-27 20:34:31 +0700
Processing by PagesController#contat as HTML
  Rendered pages/contat.html.erb within layouts/application (0.1ms)
Completed 200 OK in 26ms (Views: 25.6ms | ActiveRecord: 0.0ms)


Started GET "/pages/contat" for ::1 at 2017-05-27 20:34:32 +0700
Processing by PagesController#contat as HTML
  Rendered pages/contat.html.erb within layouts/application (0.0ms)
Completed 200 OK in 13ms (Views: 12.5ms | ActiveRecord: 0.0ms)


Started GET "/pages/contat" for ::1 at 2017-05-27 20:34:33 +0700
Processing by PagesController#contat as HTML
  Rendered pages/contat.html.erb within layouts/application (0.0ms)
Completed 200 OK in 27ms (Views: 26.2ms | ActiveRecord: 0.0ms)


Started GET "/pages/contat" for ::1 at 2017-05-27 20:34:33 +0700
Processing by PagesController#contat as HTML
  Rendered pages/contat.html.erb within layouts/application (0.0ms)
Completed 200 OK in 31ms (Views: 30.5ms | ActiveRecord: 0.0ms)


Started GET "/pages/contat" for ::1 at 2017-05-27 20:34:33 +0700
Processing by PagesController#contat as HTML
  Rendered pages/contat.html.erb within layouts/application (0.0ms)
Completed 200 OK in 25ms (Views: 24.2ms | ActiveRecord: 0.0ms)


Started GET "/pages/contat" for ::1 at 2017-05-27 20:35:07 +0700
Processing by PagesController#contat as HTML
  Rendered pages/contat.html.erb within layouts/application (0.1ms)
Completed 200 OK in 30ms (Views: 29.0ms | ActiveRecord: 0.0ms)


Started GET "/pages/contat" for ::1 at 2017-05-27 20:38:22 +0700
Processing by PagesController#contat as HTML
  Rendered pages/contat.html.erb within layouts/application (0.1ms)
Completed 200 OK in 41ms (Views: 39.4ms | ActiveRecord: 0.0ms)


Started GET "/pages/contat" for ::1 at 2017-05-27 20:41:48 +0700
Processing by PagesController#contat as HTML
  Rendered pages/contat.html.erb within layouts/application (0.0ms)
Completed 200 OK in 21ms (Views: 20.6ms | ActiveRecord: 0.0ms)


Started GET "/pages/contat" for ::1 at 2017-05-27 20:42:44 +0700
Processing by PagesController#contat as HTML
  Rendered pages/contat.html.erb within layouts/application (0.0ms)
Completed 200 OK in 16ms (Views: 15.8ms | ActiveRecord: 0.0ms)


Started GET "/pages/about" for ::1 at 2017-05-27 20:42:57 +0700
Processing by PagesController#about as HTML
  Rendered pages/about.html.erb within layouts/application (0.1ms)
Completed 200 OK in 30ms (Views: 29.6ms | ActiveRecord: 0.0ms)


Started GET "/pages/contat" for ::1 at 2017-05-27 20:42:58 +0700
Processing by PagesController#contat as HTML
  Rendered pages/contat.html.erb within layouts/application (0.1ms)
Completed 200 OK in 26ms (Views: 25.8ms | ActiveRecord: 0.0ms)


Started GET "/pages/contat" for ::1 at 2017-05-27 20:42:59 +0700
Processing by PagesController#contat as HTML
  Rendered pages/contat.html.erb within layouts/application (0.2ms)
Completed 200 OK in 35ms (Views: 34.7ms | ActiveRecord: 0.0ms)


Started GET "/pages/contat" for ::1 at 2017-05-27 20:44:15 +0700
Processing by PagesController#contat as HTML
  Rendered pages/contat.html.erb within layouts/application (0.1ms)
Completed 200 OK in 22ms (Views: 21.0ms | ActiveRecord: 0.0ms)


Started GET "/pages/about" for ::1 at 2017-05-27 20:44:57 +0700
Processing by PagesController#about as HTML
  Rendered pages/about.html.erb within layouts/application (0.1ms)
Completed 200 OK in 26ms (Views: 25.5ms | ActiveRecord: 0.0ms)


Started GET "/pages/about" for ::1 at 2017-05-27 20:49:45 +0700
Processing by PagesController#about as HTML
  Rendered pages/about.html.erb within layouts/application (97.3ms)
Completed 200 OK in 178ms (Views: 177.3ms | ActiveRecord: 0.0ms)


Started GET "/assets/avatar-c3a65253416b1274bd0550345235a56499f9f2e8bf52af46ce9c609666cec46b.jpg" for ::1 at 2017-05-27 20:49:45 +0700


Started GET "/pages/about" for ::1 at 2017-05-27 20:51:22 +0700
Processing by PagesController#about as HTML
  Rendered pages/about.html.erb within layouts/application (3.0ms)
Completed 200 OK in 89ms (Views: 88.2ms | ActiveRecord: 0.0ms)


Started GET "/pages/about" for ::1 at 2017-05-27 20:53:21 +0700
Processing by PagesController#about as HTML
  Rendered pages/about.html.erb within layouts/application (2.2ms)
Completed 200 OK in 24ms (Views: 24.0ms | ActiveRecord: 0.0ms)


Started GET "/pages/about" for ::1 at 2017-05-27 20:57:34 +0700
Processing by PagesController#about as HTML
  Rendered pages/about.html.erb within layouts/application (23.9ms)
Completed 200 OK in 92ms (Views: 78.4ms | ActiveRecord: 0.0ms)


Started GET "/pages/about" for ::1 at 2017-05-27 21:11:20 +0700
Processing by PagesController#about as HTML
  Rendered pages/about.html.erb within layouts/application (2.3ms)
Completed 200 OK in 34ms (Views: 33.5ms | ActiveRecord: 0.0ms)


Started GET "/pages/about" for ::1 at 2017-05-27 21:36:04 +0700
Processing by PagesController#about as HTML
  Rendered pages/about.html.erb within layouts/application (3.2ms)
Completed 200 OK in 39ms (Views: 37.6ms | ActiveRecord: 0.0ms)


Started GET "/pages/contat" for ::1 at 2017-05-27 21:36:06 +0700
Processing by PagesController#contat as HTML
  Rendered pages/contat.html.erb within layouts/application (0.7ms)
Completed 200 OK in 50ms (Views: 48.1ms | ActiveRecord: 0.0ms)


Started GET "/pages/contat" for ::1 at 2017-05-27 21:36:21 +0700
Processing by PagesController#contat as HTML
  Rendered pages/contat.html.erb within layouts/application (0.5ms)
Completed 200 OK in 33ms (Views: 31.1ms | ActiveRecord: 0.0ms)


Started GET "/pages/contat" for ::1 at 2017-05-27 21:39:54 +0700
Processing by PagesController#contat as HTML
  Rendered pages/contat.html.erb within layouts/application (3.4ms)
Completed 200 OK in 59ms (Views: 54.3ms | ActiveRecord: 0.0ms)


Started GET "/pages/contat" for ::1 at 2017-05-27 21:41:14 +0700
Processing by PagesController#contat as HTML
  Rendered pages/contat.html.erb within layouts/application (1.5ms)
Completed 200 OK in 46ms (Views: 45.1ms | ActiveRecord: 0.0ms)


Started GET "/pages/contat" for ::1 at 2017-05-27 21:43:45 +0700
Processing by PagesController#contat as HTML
  Rendered pages/contat.html.erb within layouts/application (4.1ms)
Completed 200 OK in 92ms (Views: 85.2ms | ActiveRecord: 0.0ms)


Started GET "/pages/contat" for ::1 at 2017-05-27 21:45:07 +0700
Processing by PagesController#contat as HTML
  Rendered pages/contat.html.erb within layouts/application (0.7ms)
Completed 200 OK in 24ms (Views: 23.0ms | ActiveRecord: 0.0ms)


Started GET "/pages/contat" for ::1 at 2017-05-27 21:45:28 +0700
Processing by PagesController#contat as HTML
  Rendered pages/contat.html.erb within layouts/application (0.6ms)
Completed 200 OK in 74ms (Views: 73.3ms | ActiveRecord: 0.0ms)


Started GET "/pages/contat" for ::1 at 2017-05-27 21:46:13 +0700
Processing by PagesController#contat as HTML
  Rendered pages/contat.html.erb within layouts/application (0.7ms)
Completed 200 OK in 30ms (Views: 29.5ms | ActiveRecord: 0.0ms)


Started GET "/pages/contat" for ::1 at 2017-05-27 21:46:26 +0700
Processing by PagesController#contat as HTML
  Rendered pages/contat.html.erb within layouts/application (0.9ms)
Completed 200 OK in 29ms (Views: 28.5ms | ActiveRecord: 0.0ms)


Started GET "/pages/contat" for ::1 at 2017-05-27 21:46:31 +0700
Processing by PagesController#contat as HTML
  Rendered pages/contat.html.erb within layouts/application (0.9ms)
Completed 200 OK in 32ms (Views: 31.7ms | ActiveRecord: 0.0ms)


Started GET "/pages/contat" for ::1 at 2017-05-27 21:46:39 +0700
Processing by PagesController#contat as HTML
  Rendered pages/contat.html.erb within layouts/application (0.6ms)
Completed 200 OK in 21ms (Views: 20.3ms | ActiveRecord: 0.0ms)


Started GET "/pages/contat" for ::1 at 2017-05-27 21:47:27 +0700
Processing by PagesController#contat as HTML
  Rendered pages/contat.html.erb within layouts/application (0.4ms)
Completed 200 OK in 30ms (Views: 29.4ms | ActiveRecord: 0.0ms)


Started GET "/pages/contat" for ::1 at 2017-05-27 21:49:42 +0700

ActiveRecord::PendingMigrationError (

Migrations are pending. To resolve this issue, run:

	bin/rake db:migrate RAILS_ENV=development

):
  activerecord (4.2.0) lib/active_record/migration.rb:393:in `check_pending!'
  activerecord (4.2.0) lib/active_record/migration.rb:374:in `call'
  actionpack (4.2.0) lib/action_dispatch/middleware/callbacks.rb:29:in `block in call'
  activesupport (4.2.0) lib/active_support/callbacks.rb:88:in `call'
  activesupport (4.2.0) lib/active_support/callbacks.rb:88:in `_run_callbacks'
  activesupport (4.2.0) lib/active_support/callbacks.rb:734:in `_run_call_callbacks'
  activesupport (4.2.0) lib/active_support/callbacks.rb:81:in `run_callbacks'
  actionpack (4.2.0) lib/action_dispatch/middleware/callbacks.rb:27:in `call'
  actionpack (4.2.0) lib/action_dispatch/middleware/reloader.rb:73:in `call'
  actionpack (4.2.0) lib/action_dispatch/middleware/remote_ip.rb:78:in `call'
  actionpack (4.2.0) lib/action_dispatch/middleware/debug_exceptions.rb:17:in `call'
  web-console (2.3.0) lib/web_console/middleware.rb:28:in `block in call'
  web-console (2.3.0) lib/web_console/middleware.rb:18:in `catch'
  web-console (2.3.0) lib/web_console/middleware.rb:18:in `call'
  actionpack (4.2.0) lib/action_dispatch/middleware/show_exceptions.rb:30:in `call'
  railties (4.2.0) lib/rails/rack/logger.rb:38:in `call_app'
  railties (4.2.0) lib/rails/rack/logger.rb:20:in `block in call'
  activesupport (4.2.0) lib/active_support/tagged_logging.rb:68:in `block in tagged'
  activesupport (4.2.0) lib/active_support/tagged_logging.rb:26:in `tagged'
  activesupport (4.2.0) lib/active_support/tagged_logging.rb:68:in `tagged'
  railties (4.2.0) lib/rails/rack/logger.rb:20:in `call'
  actionpack (4.2.0) lib/action_dispatch/middleware/request_id.rb:21:in `call'
  rack (1.6.8) lib/rack/methodoverride.rb:22:in `call'
  rack (1.6.8) lib/rack/runtime.rb:18:in `call'
  activesupport (4.2.0) lib/active_support/cache/strategy/local_cache_middleware.rb:28:in `call'
  rack (1.6.8) lib/rack/lock.rb:17:in `call'
  actionpack (4.2.0) lib/action_dispatch/middleware/static.rb:113:in `call'
  rack (1.6.8) lib/rack/sendfile.rb:113:in `call'
  railties (4.2.0) lib/rails/engine.rb:518:in `call'
  railties (4.2.0) lib/rails/application.rb:164:in `call'
  rack (1.6.8) lib/rack/lock.rb:17:in `call'
  rack (1.6.8) lib/rack/content_length.rb:15:in `call'
  rack (1.6.8) lib/rack/handler/webrick.rb:88:in `service'
  /Users/williamsetiono/.rbenv/versions/2.2.1/lib/ruby/2.2.0/webrick/httpserver.rb:138:in `service'
  /Users/williamsetiono/.rbenv/versions/2.2.1/lib/ruby/2.2.0/webrick/httpserver.rb:94:in `run'
  /Users/williamsetiono/.rbenv/versions/2.2.1/lib/ruby/2.2.0/webrick/server.rb:294:in `block in start_thread'


  Rendered /Users/williamsetiono/.rvm/gems/ruby-2.3.3/gems/actionpack-4.2.0/lib/action_dispatch/middleware/templates/rescues/_source.erb (5.6ms)
  Rendered /Users/williamsetiono/.rvm/gems/ruby-2.3.3/gems/actionpack-4.2.0/lib/action_dispatch/middleware/templates/rescues/_trace.html.erb (3.5ms)
  Rendered /Users/williamsetiono/.rvm/gems/ruby-2.3.3/gems/actionpack-4.2.0/lib/action_dispatch/middleware/templates/rescues/_request_and_response.html.erb (2.2ms)
  Rendered /Users/williamsetiono/.rvm/gems/ruby-2.3.3/gems/actionpack-4.2.0/lib/action_dispatch/middleware/templates/rescues/diagnostics.html.erb within rescues/layout (83.3ms)
  Rendered /Users/williamsetiono/.rvm/gems/ruby-2.3.3/gems/web-console-2.3.0/lib/web_console/templates/_markup.html.erb (0.9ms)
  Rendered /Users/williamsetiono/.rvm/gems/ruby-2.3.3/gems/web-console-2.3.0/lib/web_console/templates/_inner_console_markup.html.erb within layouts/inlined_string (0.8ms)
  Rendered /Users/williamsetiono/.rvm/gems/ruby-2.3.3/gems/web-console-2.3.0/lib/web_console/templates/_prompt_box_markup.html.erb within layouts/inlined_string (0.4ms)
  Rendered /Users/williamsetiono/.rvm/gems/ruby-2.3.3/gems/web-console-2.3.0/lib/web_console/templates/style.css.erb within layouts/inlined_string (0.6ms)
  Rendered /Users/williamsetiono/.rvm/gems/ruby-2.3.3/gems/web-console-2.3.0/lib/web_console/templates/console.js.erb within layouts/javascript (78.5ms)
  Rendered /Users/williamsetiono/.rvm/gems/ruby-2.3.3/gems/web-console-2.3.0/lib/web_console/templates/main.js.erb within layouts/javascript (0.7ms)
  Rendered /Users/williamsetiono/.rvm/gems/ruby-2.3.3/gems/web-console-2.3.0/lib/web_console/templates/error_page.js.erb within layouts/javascript (0.8ms)
  Rendered /Users/williamsetiono/.rvm/gems/ruby-2.3.3/gems/web-console-2.3.0/lib/web_console/templates/index.html.erb (163.9ms)
  [1m[36m (2.6ms)[0m  [1mCREATE TABLE "schema_migrations" ("version" varchar NOT NULL) [0m
  [1m[35m (0.6ms)[0m  select sqlite_version(*)
  [1m[36m (1.4ms)[0m  [1mCREATE UNIQUE INDEX "unique_schema_migrations" ON "schema_migrations" ("version")[0m
  [1m[35mActiveRecord::SchemaMigration Load (0.2ms)[0m  SELECT "schema_migrations".* FROM "schema_migrations"
Migrating to CreateVideos (20170527144851)
  [1m[36m (0.1ms)[0m  [1mbegin transaction[0m
  [1m[35m (0.7ms)[0m  CREATE TABLE "videos" ("id" INTEGER PRIMARY KEY AUTOINCREMENT NOT NULL, "wistia" varchar, "description" text, "created_at" datetime NOT NULL, "updated_at" datetime NOT NULL) 
  [1m[36mSQL (0.2ms)[0m  [1mINSERT INTO "schema_migrations" ("version") VALUES (?)[0m  [["version", "20170527144851"]]
  [1m[35m (1.0ms)[0m  commit transaction
  [1m[36mActiveRecord::SchemaMigration Load (0.1ms)[0m  [1mSELECT "schema_migrations".* FROM "schema_migrations"[0m


Started GET "/pages/contat" for ::1 at 2017-05-27 21:50:02 +0700
  [1m[36mActiveRecord::SchemaMigration Load (0.2ms)[0m  [1mSELECT "schema_migrations".* FROM "schema_migrations"[0m
Processing by PagesController#contat as HTML
  Rendered pages/contat.html.erb within layouts/application (0.1ms)
Completed 200 OK in 200ms (Views: 199.1ms | ActiveRecord: 0.0ms)


Started GET "/assets/scaffolds.self-80c3b41b1880b7978e120d47711e5b2152f1e5f61cc173e0487a0ac34a0f502b.css?body=1" for ::1 at 2017-05-27 21:50:02 +0700


Started GET "/assets/videos.self-877aef30ae1b040ab8a3aba4e3e309a11d7f2612f44dde450b5c157aa5f95c05.js?body=1" for ::1 at 2017-05-27 21:50:02 +0700


Started GET "/assets/videos.self-e3b0c44298fc1c149afbf4c8996fb92427ae41e4649b934ca495991b7852b855.css?body=1" for ::1 at 2017-05-27 21:50:02 +0700


Started GET "/pages/contat" for ::1 at 2017-05-27 21:50:05 +0700
Processing by PagesController#contat as HTML
  Rendered pages/contat.html.erb within layouts/application (0.1ms)
Completed 200 OK in 22ms (Views: 20.9ms | ActiveRecord: 0.0ms)


Started GET "/videos" for ::1 at 2017-05-27 21:50:29 +0700
Processing by VideosController#index as HTML
  [1m[35mVideo Load (0.1ms)[0m  SELECT "videos".* FROM "videos"
  Rendered videos/index.html.erb within layouts/application (2.5ms)
Completed 200 OK in 29ms (Views: 24.9ms | ActiveRecord: 0.3ms)


Started GET "/videos/new" for ::1 at 2017-05-27 21:51:00 +0700
Processing by VideosController#new as HTML
  Rendered videos/_form.html.erb (18.1ms)
  Rendered videos/new.html.erb within layouts/application (21.0ms)
Completed 200 OK in 57ms (Views: 47.2ms | ActiveRecord: 1.7ms)


Started POST "/videos" for ::1 at 2017-05-27 21:51:41 +0700
Processing by VideosController#create as HTML
  Parameters: {"utf8"=>"✓", "authenticity_token"=>"zTcIOqiNb6I7FwhWK0aDfe+hcWDFbPNTvEHfLZfqePl/6qDbLFyw4yhH3CEORIzGSYPa1OyCtsXbLba7+wYF1g==", "video"=>{"wistia"=>"abc", "description"=>"Long beach"}, "commit"=>"Create Video"}
  [1m[36m (0.1ms)[0m  [1mbegin transaction[0m
  [1m[35mSQL (0.4ms)[0m  INSERT INTO "videos" ("wistia", "description", "created_at", "updated_at") VALUES (?, ?, ?, ?)  [["wistia", "abc"], ["description", "Long beach"], ["created_at", "2017-05-27 14:51:41.016996"], ["updated_at", "2017-05-27 14:51:41.016996"]]
  [1m[36m (0.8ms)[0m  [1mcommit transaction[0m
Redirected to http://localhost:3000/videos/1
Completed 302 Found in 9ms (ActiveRecord: 1.3ms)


Started GET "/videos/1" for ::1 at 2017-05-27 21:51:41 +0700
Processing by VideosController#show as HTML
  Parameters: {"id"=>"1"}
  [1m[35mVideo Load (0.3ms)[0m  SELECT  "videos".* FROM "videos" WHERE "videos"."id" = ? LIMIT 1  [["id", 1]]
  Rendered videos/show.html.erb within layouts/application (1.0ms)
Completed 200 OK in 30ms (Views: 20.7ms | ActiveRecord: 0.3ms)


Started GET "/videos" for ::1 at 2017-05-27 21:51:43 +0700
Processing by VideosController#index as HTML
  [1m[36mVideo Load (0.2ms)[0m  [1mSELECT "videos".* FROM "videos"[0m
  Rendered videos/index.html.erb within layouts/application (2.0ms)
Completed 200 OK in 36ms (Views: 35.2ms | ActiveRecord: 0.2ms)


Started GET "/videos/new" for ::1 at 2017-05-27 21:51:44 +0700
Processing by VideosController#new as HTML
  Rendered videos/_form.html.erb (2.1ms)
  Rendered videos/new.html.erb within layouts/application (3.8ms)
Completed 200 OK in 36ms (Views: 35.0ms | ActiveRecord: 0.0ms)


Started POST "/videos" for ::1 at 2017-05-27 21:51:53 +0700
Processing by VideosController#create as HTML
  Parameters: {"utf8"=>"✓", "authenticity_token"=>"1MLfkmlmeh6IFoFHa/EVEWR/okNgIKWRuvay6t+7GLJmH3dz7belX5tGVTBO8xqqwl0J90nO4Afdmtt8s1dlnQ==", "video"=>{"wistia"=>"def", "description"=>"Nice beach"}, "commit"=>"Create Video"}
  [1m[35m (0.1ms)[0m  begin transaction
  [1m[36mSQL (0.3ms)[0m  [1mINSERT INTO "videos" ("wistia", "description", "created_at", "updated_at") VALUES (?, ?, ?, ?)[0m  [["wistia", "def"], ["description", "Nice beach"], ["created_at", "2017-05-27 14:51:53.313117"], ["updated_at", "2017-05-27 14:51:53.313117"]]
  [1m[35m (0.8ms)[0m  commit transaction
Redirected to http://localhost:3000/videos/2
Completed 302 Found in 5ms (ActiveRecord: 1.2ms)


Started GET "/videos/2" for ::1 at 2017-05-27 21:51:53 +0700
Processing by VideosController#show as HTML
  Parameters: {"id"=>"2"}
  [1m[36mVideo Load (0.1ms)[0m  [1mSELECT  "videos".* FROM "videos" WHERE "videos"."id" = ? LIMIT 1[0m  [["id", 2]]
  Rendered videos/show.html.erb within layouts/application (0.3ms)
Completed 200 OK in 19ms (Views: 17.4ms | ActiveRecord: 0.1ms)


Started GET "/videos" for ::1 at 2017-05-27 21:51:55 +0700
Processing by VideosController#index as HTML
  [1m[35mVideo Load (0.2ms)[0m  SELECT "videos".* FROM "videos"
  Rendered videos/index.html.erb within layouts/application (2.3ms)
Completed 200 OK in 40ms (Views: 38.6ms | ActiveRecord: 0.2ms)
  [1m[36mActiveRecord::SchemaMigration Load (0.4ms)[0m  [1mSELECT "schema_migrations".* FROM "schema_migrations"[0m
Migrating to AddTitleToVideos (20170527145325)
  [1m[35m (0.1ms)[0m  begin transaction
  [1m[36m (1.2ms)[0m  [1mALTER TABLE "videos" ADD "title" varchar[0m
  [1m[35mSQL (0.2ms)[0m  INSERT INTO "schema_migrations" ("version") VALUES (?)  [["version", "20170527145325"]]
  [1m[36m (0.8ms)[0m  [1mcommit transaction[0m
  [1m[35mActiveRecord::SchemaMigration Load (0.1ms)[0m  SELECT "schema_migrations".* FROM "schema_migrations"


Started GET "/videos" for ::1 at 2017-05-27 21:56:40 +0700
  [1m[36mActiveRecord::SchemaMigration Load (0.1ms)[0m  [1mSELECT "schema_migrations".* FROM "schema_migrations"[0m
Processing by VideosController#index as HTML
  [1m[35mVideo Load (0.2ms)[0m  SELECT "videos".* FROM "videos"
  Rendered videos/index.html.erb within layouts/application (6.5ms)
Completed 200 OK in 43ms (Views: 38.7ms | ActiveRecord: 0.7ms)


Started GET "/videos" for ::1 at 2017-05-27 21:57:26 +0700
Processing by VideosController#index as HTML
  [1m[36mVideo Load (0.3ms)[0m  [1mSELECT "videos".* FROM "videos"[0m
  Rendered videos/index.html.erb within layouts/application (3.5ms)
Completed 200 OK in 44ms (Views: 43.3ms | ActiveRecord: 0.3ms)


Started GET "/videos/1/edit" for ::1 at 2017-05-27 21:57:38 +0700
Processing by VideosController#edit as HTML
  Parameters: {"id"=>"1"}
  [1m[35mVideo Load (3.2ms)[0m  SELECT  "videos".* FROM "videos" WHERE "videos"."id" = ? LIMIT 1  [["id", 1]]
  Rendered videos/_form.html.erb (6.2ms)
  Rendered videos/edit.html.erb within layouts/application (10.6ms)
Completed 200 OK in 48ms (Views: 41.9ms | ActiveRecord: 3.2ms)


Started PATCH "/videos/1" for ::1 at 2017-05-27 21:57:43 +0700
Processing by VideosController#update as HTML
  Parameters: {"utf8"=>"✓", "authenticity_token"=>"pTlxm1hMbiKP0JJp+l3/r/GEPbfHWbe90jX0bd+X99gX5Nl63J2xY5yARh7fX/AUV6aWA+638iu1WZ37s3uK9w==", "video"=>{"wistia"=>"abc", "title"=>"Bali Beach", "description"=>"Long beach"}, "commit"=>"Update Video", "id"=>"1"}
  [1m[36mVideo Load (0.1ms)[0m  [1mSELECT  "videos".* FROM "videos" WHERE "videos"."id" = ? LIMIT 1[0m  [["id", 1]]
  [1m[35m (0.1ms)[0m  begin transaction
  [1m[36mSQL (0.5ms)[0m  [1mUPDATE "videos" SET "title" = ?, "updated_at" = ? WHERE "videos"."id" = ?[0m  [["title", "Bali Beach"], ["updated_at", "2017-05-27 14:57:43.950355"], ["id", 1]]
  [1m[35m (0.8ms)[0m  commit transaction
Redirected to http://localhost:3000/videos/1
Completed 302 Found in 8ms (ActiveRecord: 1.5ms)


Started GET "/videos/1" for ::1 at 2017-05-27 21:57:43 +0700
Processing by VideosController#show as HTML
  Parameters: {"id"=>"1"}
  [1m[36mVideo Load (0.1ms)[0m  [1mSELECT  "videos".* FROM "videos" WHERE "videos"."id" = ? LIMIT 1[0m  [["id", 1]]
  Rendered videos/show.html.erb within layouts/application (0.4ms)
Completed 200 OK in 22ms (Views: 20.9ms | ActiveRecord: 0.1ms)


Started GET "/videos" for ::1 at 2017-05-27 21:57:45 +0700
Processing by VideosController#index as HTML
  [1m[35mVideo Load (0.2ms)[0m  SELECT "videos".* FROM "videos"
  Rendered videos/index.html.erb within layouts/application (1.6ms)
Completed 200 OK in 45ms (Views: 44.4ms | ActiveRecord: 0.2ms)


Started GET "/videos/2/edit" for ::1 at 2017-05-27 21:57:47 +0700
Processing by VideosController#edit as HTML
  Parameters: {"id"=>"2"}
  [1m[36mVideo Load (0.2ms)[0m  [1mSELECT  "videos".* FROM "videos" WHERE "videos"."id" = ? LIMIT 1[0m  [["id", 2]]
  Rendered videos/_form.html.erb (3.0ms)
  Rendered videos/edit.html.erb within layouts/application (4.8ms)
Completed 200 OK in 42ms (Views: 40.5ms | ActiveRecord: 0.2ms)


Started PATCH "/videos/2" for ::1 at 2017-05-27 21:57:57 +0700
Processing by VideosController#update as HTML
  Parameters: {"utf8"=>"✓", "authenticity_token"=>"UJrXqSoCgvzMqFHe8PNUBwUb9xodG6tOzRcSNLagiE/iR39IrtNdvd/4hanV8Vu8ozlcrjT17tiqe3ui2kz1YA==", "video"=>{"wistia"=>"def", "title"=>"Gili Trawangan Beach", "description"=>"Nice beach"}, "commit"=>"Update Video", "id"=>"2"}
  [1m[35mVideo Load (0.1ms)[0m  SELECT  "videos".* FROM "videos" WHERE "videos"."id" = ? LIMIT 1  [["id", 2]]
  [1m[36m (0.1ms)[0m  [1mbegin transaction[0m
  [1m[35mSQL (0.3ms)[0m  UPDATE "videos" SET "title" = ?, "updated_at" = ? WHERE "videos"."id" = ?  [["title", "Gili Trawangan Beach"], ["updated_at", "2017-05-27 14:57:57.222646"], ["id", 2]]
  [1m[36m (0.8ms)[0m  [1mcommit transaction[0m
Redirected to http://localhost:3000/videos/2
Completed 302 Found in 6ms (ActiveRecord: 1.3ms)


Started GET "/videos/2" for ::1 at 2017-05-27 21:57:57 +0700
Processing by VideosController#show as HTML
  Parameters: {"id"=>"2"}
  [1m[35mVideo Load (0.2ms)[0m  SELECT  "videos".* FROM "videos" WHERE "videos"."id" = ? LIMIT 1  [["id", 2]]
  Rendered videos/show.html.erb within layouts/application (0.3ms)
Completed 200 OK in 21ms (Views: 19.5ms | ActiveRecord: 0.2ms)


Started GET "/videos" for ::1 at 2017-05-27 21:57:59 +0700
Processing by VideosController#index as HTML
  [1m[36mVideo Load (0.2ms)[0m  [1mSELECT "videos".* FROM "videos"[0m
  Rendered videos/index.html.erb within layouts/application (2.0ms)
Completed 200 OK in 40ms (Views: 39.3ms | ActiveRecord: 0.2ms)


Started GET "/videos/1/edit" for ::1 at 2017-05-27 21:58:00 +0700
Processing by VideosController#edit as HTML
  Parameters: {"id"=>"1"}
  [1m[35mVideo Load (0.2ms)[0m  SELECT  "videos".* FROM "videos" WHERE "videos"."id" = ? LIMIT 1  [["id", 1]]
  Rendered videos/_form.html.erb (3.0ms)
  Rendered videos/edit.html.erb within layouts/application (5.3ms)
Completed 200 OK in 41ms (Views: 39.0ms | ActiveRecord: 0.2ms)


Started PATCH "/videos/1" for ::1 at 2017-05-27 21:58:05 +0700
Processing by VideosController#update as HTML
  Parameters: {"utf8"=>"✓", "authenticity_token"=>"BgL7OLxESuhcBZoIq6/eRXiRdIRH/5vwrcfiUojRhOi031PZOJWVqU9VTn+OrdH+3rPfMG4R3mbKq4vE5D35xw==", "video"=>{"wistia"=>"abc", "title"=>"Kuta Beach", "description"=>"Long beach"}, "commit"=>"Update Video", "id"=>"1"}
  [1m[36mVideo Load (0.2ms)[0m  [1mSELECT  "videos".* FROM "videos" WHERE "videos"."id" = ? LIMIT 1[0m  [["id", 1]]
  [1m[35m (0.1ms)[0m  begin transaction
  [1m[36mSQL (0.2ms)[0m  [1mUPDATE "videos" SET "title" = ?, "updated_at" = ? WHERE "videos"."id" = ?[0m  [["title", "Kuta Beach"], ["updated_at", "2017-05-27 14:58:05.864242"], ["id", 1]]
  [1m[35m (0.8ms)[0m  commit transaction
Redirected to http://localhost:3000/videos/1
Completed 302 Found in 5ms (ActiveRecord: 1.3ms)


Started GET "/videos/1" for ::1 at 2017-05-27 21:58:05 +0700
Processing by VideosController#show as HTML
  Parameters: {"id"=>"1"}
  [1m[36mVideo Load (0.1ms)[0m  [1mSELECT  "videos".* FROM "videos" WHERE "videos"."id" = ? LIMIT 1[0m  [["id", 1]]
  Rendered videos/show.html.erb within layouts/application (0.3ms)
Completed 200 OK in 32ms (Views: 30.9ms | ActiveRecord: 0.1ms)


Started GET "/videos" for ::1 at 2017-05-27 21:58:07 +0700
Processing by VideosController#index as HTML
  [1m[35mVideo Load (0.2ms)[0m  SELECT "videos".* FROM "videos"
  Rendered videos/index.html.erb within layouts/application (2.1ms)
Completed 200 OK in 36ms (Views: 35.1ms | ActiveRecord: 0.1ms)


Started GET "/videos/new" for ::1 at 2017-05-27 22:00:31 +0700
Processing by VideosController#new as HTML
  Rendered videos/_form.html.erb (2.8ms)
  Rendered videos/new.html.erb within layouts/application (4.6ms)
Completed 200 OK in 36ms (Views: 35.0ms | ActiveRecord: 0.0ms)


Started GET "/videos/new" for ::1 at 2017-05-27 22:10:21 +0700
Processing by VideosController#new as HTML
  Rendered videos/_form.html.erb (16.7ms)
  Rendered videos/new.html.erb within layouts/application (26.3ms)
Completed 200 OK in 109ms (Views: 100.9ms | ActiveRecord: 0.0ms)


Started GET "/videos/new" for ::1 at 2017-05-27 22:12:20 +0700
Processing by VideosController#new as HTML
  Rendered videos/_form.html.erb (1.2ms)
  Rendered videos/new.html.erb within layouts/application (3.0ms)
Completed 200 OK in 107ms (Views: 106.6ms | ActiveRecord: 0.0ms)


Started GET "/assets/application.self-2b00c68320848afe54cf9919a7a76ed257f93bdb6e12dc2160d07a8b1fe5e9f4.js?body=1" for ::1 at 2017-05-27 22:12:20 +0700


Started GET "/videos/new" for ::1 at 2017-05-27 22:13:17 +0700
  [1m[36mActiveRecord::SchemaMigration Load (0.1ms)[0m  [1mSELECT "schema_migrations".* FROM "schema_migrations"[0m
Processing by VideosController#new as HTML
  Rendered videos/_form.html.erb (14.8ms)
  Rendered videos/new.html.erb within layouts/application (21.7ms)
Completed 200 OK in 355ms (Views: 335.8ms | ActiveRecord: 0.5ms)


Started GET "/videos/new" for ::1 at 2017-05-27 22:13:44 +0700
Processing by VideosController#new as HTML
  Rendered videos/_form.html.erb (1.6ms)
  Rendered videos/new.html.erb within layouts/application (5.1ms)
Completed 200 OK in 24ms (Views: 23.5ms | ActiveRecord: 0.0ms)


Started GET "/videos/" for ::1 at 2017-05-27 22:17:49 +0700
Processing by VideosController#index as HTML
  [1m[35mVideo Load (0.2ms)[0m  SELECT "videos".* FROM "videos"
  Rendered videos/index.html.erb within layouts/application (3.6ms)
Completed 200 OK in 24ms (Views: 23.0ms | ActiveRecord: 0.2ms)


Started GET "/videos/" for ::1 at 2017-05-27 22:23:29 +0700
Processing by VideosController#index as HTML
  Rendered videos/index.html.erb within layouts/application (3.5ms)
Completed 500 Internal Server Error in 11ms

SyntaxError (/Users/williamsetiono/Desktop/Scenery/app/views/videos/index.html.erb:54: syntax error, unexpected keyword_ensure, expecting keyword_end
/Users/williamsetiono/Desktop/Scenery/app/views/videos/index.html.erb:56: syntax error, unexpected end-of-input, expecting keyword_end):
  app/views/videos/index.html.erb:54: syntax error, unexpected keyword_ensure, expecting keyword_end
  app/views/videos/index.html.erb:56: syntax error, unexpected end-of-input, expecting keyword_end


  Rendered /Users/williamsetiono/.rvm/gems/ruby-2.3.3/gems/actionpack-4.2.0/lib/action_dispatch/middleware/templates/rescues/_source.erb (19.6ms)
  Rendered /Users/williamsetiono/.rvm/gems/ruby-2.3.3/gems/actionpack-4.2.0/lib/action_dispatch/middleware/templates/rescues/_trace.html.erb (14.8ms)
  Rendered /Users/williamsetiono/.rvm/gems/ruby-2.3.3/gems/actionpack-4.2.0/lib/action_dispatch/middleware/templates/rescues/_request_and_response.html.erb (1.5ms)
  Rendered /Users/williamsetiono/.rvm/gems/ruby-2.3.3/gems/actionpack-4.2.0/lib/action_dispatch/middleware/templates/rescues/diagnostics.html.erb within rescues/layout (96.4ms)
  Rendered /Users/williamsetiono/.rvm/gems/ruby-2.3.3/gems/web-console-2.3.0/lib/web_console/templates/_markup.html.erb (1.2ms)
  Rendered /Users/williamsetiono/.rvm/gems/ruby-2.3.3/gems/web-console-2.3.0/lib/web_console/templates/_inner_console_markup.html.erb within layouts/inlined_string (0.9ms)
  Rendered /Users/williamsetiono/.rvm/gems/ruby-2.3.3/gems/web-console-2.3.0/lib/web_console/templates/_prompt_box_markup.html.erb within layouts/inlined_string (0.3ms)
  Rendered /Users/williamsetiono/.rvm/gems/ruby-2.3.3/gems/web-console-2.3.0/lib/web_console/templates/style.css.erb within layouts/inlined_string (1.2ms)
  Rendered /Users/williamsetiono/.rvm/gems/ruby-2.3.3/gems/web-console-2.3.0/lib/web_console/templates/console.js.erb within layouts/javascript (78.9ms)
  Rendered /Users/williamsetiono/.rvm/gems/ruby-2.3.3/gems/web-console-2.3.0/lib/web_console/templates/main.js.erb within layouts/javascript (1.1ms)
  Rendered /Users/williamsetiono/.rvm/gems/ruby-2.3.3/gems/web-console-2.3.0/lib/web_console/templates/error_page.js.erb within layouts/javascript (1.0ms)
  Rendered /Users/williamsetiono/.rvm/gems/ruby-2.3.3/gems/web-console-2.3.0/lib/web_console/templates/index.html.erb (163.0ms)


Started GET "/videos/" for ::1 at 2017-05-27 22:24:36 +0700
Processing by VideosController#index as HTML
  Rendered videos/index.html.erb within layouts/application (3.4ms)
Completed 500 Internal Server Error in 10ms

SyntaxError (/Users/williamsetiono/Desktop/Scenery/app/views/videos/index.html.erb:28: syntax error, unexpected keyword_ensure, expecting keyword_end
/Users/williamsetiono/Desktop/Scenery/app/views/videos/index.html.erb:30: syntax error, unexpected end-of-input, expecting keyword_end):
  app/views/videos/index.html.erb:28: syntax error, unexpected keyword_ensure, expecting keyword_end
  app/views/videos/index.html.erb:30: syntax error, unexpected end-of-input, expecting keyword_end


  Rendered /Users/williamsetiono/.rvm/gems/ruby-2.3.3/gems/actionpack-4.2.0/lib/action_dispatch/middleware/templates/rescues/_source.erb (7.8ms)
  Rendered /Users/williamsetiono/.rvm/gems/ruby-2.3.3/gems/actionpack-4.2.0/lib/action_dispatch/middleware/templates/rescues/_trace.html.erb (3.6ms)
  Rendered /Users/williamsetiono/.rvm/gems/ruby-2.3.3/gems/actionpack-4.2.0/lib/action_dispatch/middleware/templates/rescues/_request_and_response.html.erb (1.2ms)
  Rendered /Users/williamsetiono/.rvm/gems/ruby-2.3.3/gems/actionpack-4.2.0/lib/action_dispatch/middleware/templates/rescues/diagnostics.html.erb within rescues/layout (71.6ms)
  Rendered /Users/williamsetiono/.rvm/gems/ruby-2.3.3/gems/web-console-2.3.0/lib/web_console/templates/_markup.html.erb (0.5ms)
  Rendered /Users/williamsetiono/.rvm/gems/ruby-2.3.3/gems/web-console-2.3.0/lib/web_console/templates/_inner_console_markup.html.erb within layouts/inlined_string (0.5ms)
  Rendered /Users/williamsetiono/.rvm/gems/ruby-2.3.3/gems/web-console-2.3.0/lib/web_console/templates/_prompt_box_markup.html.erb within layouts/inlined_string (0.4ms)
  Rendered /Users/williamsetiono/.rvm/gems/ruby-2.3.3/gems/web-console-2.3.0/lib/web_console/templates/style.css.erb within layouts/inlined_string (0.4ms)
  Rendered /Users/williamsetiono/.rvm/gems/ruby-2.3.3/gems/web-console-2.3.0/lib/web_console/templates/console.js.erb within layouts/javascript (58.9ms)
  Rendered /Users/williamsetiono/.rvm/gems/ruby-2.3.3/gems/web-console-2.3.0/lib/web_console/templates/main.js.erb within layouts/javascript (0.8ms)
  Rendered /Users/williamsetiono/.rvm/gems/ruby-2.3.3/gems/web-console-2.3.0/lib/web_console/templates/error_page.js.erb within layouts/javascript (0.5ms)
  Rendered /Users/williamsetiono/.rvm/gems/ruby-2.3.3/gems/web-console-2.3.0/lib/web_console/templates/index.html.erb (137.0ms)


Started GET "/videos/" for ::1 at 2017-05-27 22:24:55 +0700
Processing by VideosController#index as HTML
  Rendered videos/index.html.erb within layouts/application (0.9ms)
Completed 200 OK in 21ms (Views: 20.1ms | ActiveRecord: 0.0ms)


Started GET "/videos/" for ::1 at 2017-05-27 22:25:04 +0700
Processing by VideosController#index as HTML
  Rendered videos/index.html.erb within layouts/application (1.3ms)
Completed 500 Internal Server Error in 5ms

SyntaxError (/Users/williamsetiono/Desktop/Scenery/app/views/videos/index.html.erb:19: syntax error, unexpected keyword_ensure, expecting keyword_end
/Users/williamsetiono/Desktop/Scenery/app/views/videos/index.html.erb:21: syntax error, unexpected end-of-input, expecting keyword_end):
  app/views/videos/index.html.erb:19: syntax error, unexpected keyword_ensure, expecting keyword_end
  app/views/videos/index.html.erb:21: syntax error, unexpected end-of-input, expecting keyword_end


  Rendered /Users/williamsetiono/.rvm/gems/ruby-2.3.3/gems/actionpack-4.2.0/lib/action_dispatch/middleware/templates/rescues/_source.erb (7.5ms)
  Rendered /Users/williamsetiono/.rvm/gems/ruby-2.3.3/gems/actionpack-4.2.0/lib/action_dispatch/middleware/templates/rescues/_trace.html.erb (3.5ms)
  Rendered /Users/williamsetiono/.rvm/gems/ruby-2.3.3/gems/actionpack-4.2.0/lib/action_dispatch/middleware/templates/rescues/_request_and_response.html.erb (1.0ms)
  Rendered /Users/williamsetiono/.rvm/gems/ruby-2.3.3/gems/actionpack-4.2.0/lib/action_dispatch/middleware/templates/rescues/diagnostics.html.erb within rescues/layout (69.5ms)
  Rendered /Users/williamsetiono/.rvm/gems/ruby-2.3.3/gems/web-console-2.3.0/lib/web_console/templates/_markup.html.erb (0.5ms)
  Rendered /Users/williamsetiono/.rvm/gems/ruby-2.3.3/gems/web-console-2.3.0/lib/web_console/templates/_inner_console_markup.html.erb within layouts/inlined_string (0.3ms)
  Rendered /Users/williamsetiono/.rvm/gems/ruby-2.3.3/gems/web-console-2.3.0/lib/web_console/templates/_prompt_box_markup.html.erb within layouts/inlined_string (0.4ms)
  Rendered /Users/williamsetiono/.rvm/gems/ruby-2.3.3/gems/web-console-2.3.0/lib/web_console/templates/style.css.erb within layouts/inlined_string (0.5ms)
  Rendered /Users/williamsetiono/.rvm/gems/ruby-2.3.3/gems/web-console-2.3.0/lib/web_console/templates/console.js.erb within layouts/javascript (62.4ms)
  Rendered /Users/williamsetiono/.rvm/gems/ruby-2.3.3/gems/web-console-2.3.0/lib/web_console/templates/main.js.erb within layouts/javascript (0.3ms)
  Rendered /Users/williamsetiono/.rvm/gems/ruby-2.3.3/gems/web-console-2.3.0/lib/web_console/templates/error_page.js.erb within layouts/javascript (0.8ms)
  Rendered /Users/williamsetiono/.rvm/gems/ruby-2.3.3/gems/web-console-2.3.0/lib/web_console/templates/index.html.erb (137.5ms)


Started GET "/videos/" for ::1 at 2017-05-27 22:25:35 +0700
Processing by VideosController#index as HTML
  Rendered videos/index.html.erb within layouts/application (1.5ms)
Completed 200 OK in 20ms (Views: 19.4ms | ActiveRecord: 0.0ms)


Started GET "/videos/" for ::1 at 2017-05-27 22:25:51 +0700
Processing by VideosController#index as HTML
  [1m[36mVideo Load (0.3ms)[0m  [1mSELECT "videos".* FROM "videos"[0m
  Rendered videos/index.html.erb within layouts/application (3.0ms)
Completed 200 OK in 17ms (Views: 15.9ms | ActiveRecord: 0.3ms)


Started GET "/videos/" for ::1 at 2017-05-27 22:26:37 +0700
Processing by VideosController#index as HTML
  [1m[35mVideo Load (0.1ms)[0m  SELECT "videos".* FROM "videos"
  Rendered videos/index.html.erb within layouts/application (2.2ms)
Completed 200 OK in 16ms (Views: 15.1ms | ActiveRecord: 0.1ms)


Started GET "/videos/2" for ::1 at 2017-05-27 22:27:00 +0700
Processing by VideosController#show as HTML
  Parameters: {"id"=>"2"}
  [1m[36mVideo Load (0.5ms)[0m  [1mSELECT  "videos".* FROM "videos" WHERE "videos"."id" = ? LIMIT 1[0m  [["id", 2]]
  Rendered videos/show.html.erb within layouts/application (0.9ms)
Completed 200 OK in 35ms (Views: 13.3ms | ActiveRecord: 0.5ms)


Started GET "/videos/1" for ::1 at 2017-05-27 22:27:03 +0700
Processing by VideosController#show as HTML
  Parameters: {"id"=>"1"}
  [1m[35mVideo Load (0.2ms)[0m  SELECT  "videos".* FROM "videos" WHERE "videos"."id" = ? LIMIT 1  [["id", 1]]
  Rendered videos/show.html.erb within layouts/application (0.4ms)
Completed 200 OK in 12ms (Views: 10.7ms | ActiveRecord: 0.2ms)


Started GET "/videos/" for ::1 at 2017-05-27 22:27:56 +0700
Processing by VideosController#index as HTML
  [1m[36mVideo Load (0.2ms)[0m  [1mSELECT "videos".* FROM "videos"[0m
  Rendered videos/index.html.erb within layouts/application (3.5ms)
Completed 200 OK in 14ms (Views: 13.0ms | ActiveRecord: 0.2ms)


Started GET "/videos/1" for ::1 at 2017-05-27 22:28:00 +0700
Processing by VideosController#show as HTML
  Parameters: {"id"=>"1"}
  [1m[35mVideo Load (0.2ms)[0m  SELECT  "videos".* FROM "videos" WHERE "videos"."id" = ? LIMIT 1  [["id", 1]]
  Rendered videos/show.html.erb within layouts/application (0.3ms)
Completed 200 OK in 17ms (Views: 15.5ms | ActiveRecord: 0.2ms)


Started GET "/videos" for ::1 at 2017-05-27 22:28:01 +0700
Processing by VideosController#index as HTML
  [1m[36mVideo Load (0.1ms)[0m  [1mSELECT "videos".* FROM "videos"[0m
  Rendered videos/index.html.erb within layouts/application (1.2ms)
Completed 200 OK in 13ms (Views: 12.1ms | ActiveRecord: 0.1ms)


Started GET "/videos/1" for ::1 at 2017-05-27 22:28:02 +0700
Processing by VideosController#show as HTML
  Parameters: {"id"=>"1"}
  [1m[35mVideo Load (0.1ms)[0m  SELECT  "videos".* FROM "videos" WHERE "videos"."id" = ? LIMIT 1  [["id", 1]]
  Rendered videos/show.html.erb within layouts/application (0.5ms)
Completed 200 OK in 14ms (Views: 13.1ms | ActiveRecord: 0.1ms)


Started GET "/videos" for ::1 at 2017-05-27 22:28:03 +0700
Processing by VideosController#index as HTML
  [1m[36mVideo Load (0.2ms)[0m  [1mSELECT "videos".* FROM "videos"[0m
  Rendered videos/index.html.erb within layouts/application (2.0ms)
Completed 200 OK in 26ms (Views: 25.0ms | ActiveRecord: 0.2ms)


Started GET "/videos/2" for ::1 at 2017-05-27 22:28:04 +0700
Processing by VideosController#show as HTML
  Parameters: {"id"=>"2"}
  [1m[35mVideo Load (0.2ms)[0m  SELECT  "videos".* FROM "videos" WHERE "videos"."id" = ? LIMIT 1  [["id", 2]]
  Rendered videos/show.html.erb within layouts/application (0.3ms)
Completed 200 OK in 19ms (Views: 17.8ms | ActiveRecord: 0.2ms)


Started GET "/videos" for ::1 at 2017-05-27 22:28:05 +0700
Processing by VideosController#index as HTML
  [1m[36mVideo Load (0.1ms)[0m  [1mSELECT "videos".* FROM "videos"[0m
  Rendered videos/index.html.erb within layouts/application (1.3ms)
Completed 200 OK in 14ms (Views: 13.6ms | ActiveRecord: 0.1ms)


Started GET "/videos" for ::1 at 2017-05-27 22:29:20 +0700
Processing by VideosController#index as HTML
  [1m[35mVideo Load (0.1ms)[0m  SELECT "videos".* FROM "videos"
  Rendered videos/index.html.erb within layouts/application (1.5ms)
Completed 200 OK in 14ms (Views: 13.7ms | ActiveRecord: 0.1ms)


Started GET "/videos/1" for ::1 at 2017-05-27 22:29:21 +0700
Processing by VideosController#show as HTML
  Parameters: {"id"=>"1"}
  [1m[36mVideo Load (0.2ms)[0m  [1mSELECT  "videos".* FROM "videos" WHERE "videos"."id" = ? LIMIT 1[0m  [["id", 1]]
  Rendered videos/show.html.erb within layouts/application (0.4ms)
Completed 200 OK in 25ms (Views: 22.6ms | ActiveRecord: 0.2ms)


Started GET "/videos" for ::1 at 2017-05-27 22:29:23 +0700
Processing by VideosController#index as HTML
  [1m[35mVideo Load (0.2ms)[0m  SELECT "videos".* FROM "videos"
  Rendered videos/index.html.erb within layouts/application (1.7ms)
Completed 200 OK in 14ms (Views: 12.8ms | ActiveRecord: 0.2ms)


Started GET "/videos/1" for ::1 at 2017-05-27 22:30:33 +0700
Processing by VideosController#show as HTML
  Parameters: {"id"=>"1"}
  [1m[36mVideo Load (0.5ms)[0m  [1mSELECT  "videos".* FROM "videos" WHERE "videos"."id" = ? LIMIT 1[0m  [["id", 1]]
  Rendered videos/show.html.erb within layouts/application (0.3ms)
Completed 200 OK in 24ms (Views: 21.6ms | ActiveRecord: 0.5ms)


Started GET "/videos/1" for ::1 at 2017-05-27 22:30:35 +0700
Processing by VideosController#show as HTML
  Parameters: {"id"=>"1"}
  [1m[35mVideo Load (0.1ms)[0m  SELECT  "videos".* FROM "videos" WHERE "videos"."id" = ? LIMIT 1  [["id", 1]]
  Rendered videos/show.html.erb within layouts/application (0.5ms)
Completed 200 OK in 16ms (Views: 14.8ms | ActiveRecord: 0.1ms)


Started GET "/videos/1" for ::1 at 2017-05-27 22:30:41 +0700
Processing by VideosController#show as HTML
  Parameters: {"id"=>"1"}
  [1m[36mVideo Load (0.2ms)[0m  [1mSELECT  "videos".* FROM "videos" WHERE "videos"."id" = ? LIMIT 1[0m  [["id", 1]]
  Rendered videos/show.html.erb within layouts/application (0.4ms)
Completed 200 OK in 18ms (Views: 17.0ms | ActiveRecord: 0.2ms)


Started GET "/videos" for ::1 at 2017-05-27 22:36:40 +0700
Processing by VideosController#index as HTML
  [1m[35mVideo Load (1.3ms)[0m  SELECT "videos".* FROM "videos"
  Rendered videos/index.html.erb within layouts/application (13.4ms)
Completed 200 OK in 53ms (Views: 44.6ms | ActiveRecord: 1.3ms)


Started GET "/videos/new" for ::1 at 2017-05-27 22:36:51 +0700
Processing by VideosController#new as HTML
  Rendered videos/_form.html.erb (3.8ms)
  Rendered videos/new.html.erb within layouts/application (6.9ms)
Completed 200 OK in 36ms (Views: 34.5ms | ActiveRecord: 0.0ms)


Started GET "/videos/1" for ::1 at 2017-05-27 22:36:59 +0700
Processing by VideosController#show as HTML
  Parameters: {"id"=>"1"}
  [1m[36mVideo Load (0.1ms)[0m  [1mSELECT  "videos".* FROM "videos" WHERE "videos"."id" = ? LIMIT 1[0m  [["id", 1]]
  Rendered videos/show.html.erb within layouts/application (1.5ms)
Completed 200 OK in 22ms (Views: 20.9ms | ActiveRecord: 0.1ms)


Started GET "/videos/1" for ::1 at 2017-05-27 22:37:35 +0700
Processing by VideosController#show as HTML
  Parameters: {"id"=>"1"}
  [1m[35mVideo Load (0.1ms)[0m  SELECT  "videos".* FROM "videos" WHERE "videos"."id" = ? LIMIT 1  [["id", 1]]
  Rendered videos/show.html.erb within layouts/application (0.6ms)
Completed 200 OK in 17ms (Views: 16.0ms | ActiveRecord: 0.1ms)


Started GET "/videos/1" for ::1 at 2017-05-27 22:38:54 +0700
Processing by VideosController#show as HTML
  Parameters: {"id"=>"1"}
  [1m[36mVideo Load (0.1ms)[0m  [1mSELECT  "videos".* FROM "videos" WHERE "videos"."id" = ? LIMIT 1[0m  [["id", 1]]
  Rendered videos/show.html.erb within layouts/application (1.2ms)
Completed 500 Internal Server Error in 7ms

SyntaxError (/Users/williamsetiono/Desktop/Scenery/app/views/videos/show.html.erb:7: syntax error, unexpected tSTRING_BEG, expecting ')'
...to video.title, video, :class='collection-item' );@output_bu...
...                               ^):
  app/views/videos/show.html.erb:7: syntax error, unexpected tSTRING_BEG, expecting ')'


  Rendered /Users/williamsetiono/.rvm/gems/ruby-2.3.3/gems/actionpack-4.2.0/lib/action_dispatch/middleware/templates/rescues/_source.erb (8.9ms)
  Rendered /Users/williamsetiono/.rvm/gems/ruby-2.3.3/gems/actionpack-4.2.0/lib/action_dispatch/middleware/templates/rescues/_trace.html.erb (3.2ms)
  Rendered /Users/williamsetiono/.rvm/gems/ruby-2.3.3/gems/actionpack-4.2.0/lib/action_dispatch/middleware/templates/rescues/_request_and_response.html.erb (1.5ms)
  Rendered /Users/williamsetiono/.rvm/gems/ruby-2.3.3/gems/actionpack-4.2.0/lib/action_dispatch/middleware/templates/rescues/diagnostics.html.erb within rescues/layout (78.8ms)
  Rendered /Users/williamsetiono/.rvm/gems/ruby-2.3.3/gems/web-console-2.3.0/lib/web_console/templates/_markup.html.erb (0.5ms)
  Rendered /Users/williamsetiono/.rvm/gems/ruby-2.3.3/gems/web-console-2.3.0/lib/web_console/templates/_inner_console_markup.html.erb within layouts/inlined_string (0.4ms)
  Rendered /Users/williamsetiono/.rvm/gems/ruby-2.3.3/gems/web-console-2.3.0/lib/web_console/templates/_prompt_box_markup.html.erb within layouts/inlined_string (0.6ms)
  Rendered /Users/williamsetiono/.rvm/gems/ruby-2.3.3/gems/web-console-2.3.0/lib/web_console/templates/style.css.erb within layouts/inlined_string (0.4ms)
  Rendered /Users/williamsetiono/.rvm/gems/ruby-2.3.3/gems/web-console-2.3.0/lib/web_console/templates/console.js.erb within layouts/javascript (65.8ms)
  Rendered /Users/williamsetiono/.rvm/gems/ruby-2.3.3/gems/web-console-2.3.0/lib/web_console/templates/main.js.erb within layouts/javascript (0.3ms)
  Rendered /Users/williamsetiono/.rvm/gems/ruby-2.3.3/gems/web-console-2.3.0/lib/web_console/templates/error_page.js.erb within layouts/javascript (0.6ms)
  Rendered /Users/williamsetiono/.rvm/gems/ruby-2.3.3/gems/web-console-2.3.0/lib/web_console/templates/index.html.erb (138.8ms)


Started GET "/videos/1" for ::1 at 2017-05-27 22:39:09 +0700
Processing by VideosController#show as HTML
  Parameters: {"id"=>"1"}
  [1m[35mVideo Load (0.1ms)[0m  SELECT  "videos".* FROM "videos" WHERE "videos"."id" = ? LIMIT 1  [["id", 1]]
  Rendered videos/show.html.erb within layouts/application (2.9ms)
Completed 500 Internal Server Error in 8ms

ActionView::Template::Error (undefined method `each' for nil:NilClass):
    3: <div class="row">
    4: 	<div class="col m3">
    5: 		<div class="collection">
    6: 			<% @videos.each do |video| %>
    7:         		<%= link_to video.title, video, :class => 'collection-item' %>
    8:         	<% end %>
    9:       </div>
  app/views/videos/show.html.erb:6:in `_app_views_videos_show_html_erb__1924939171545223410_70312224434060'


  Rendered /Users/williamsetiono/.rvm/gems/ruby-2.3.3/gems/actionpack-4.2.0/lib/action_dispatch/middleware/templates/rescues/_source.erb (8.5ms)
  Rendered /Users/williamsetiono/.rvm/gems/ruby-2.3.3/gems/actionpack-4.2.0/lib/action_dispatch/middleware/templates/rescues/_trace.html.erb (3.6ms)
  Rendered /Users/williamsetiono/.rvm/gems/ruby-2.3.3/gems/actionpack-4.2.0/lib/action_dispatch/middleware/templates/rescues/_request_and_response.html.erb (1.3ms)
  Rendered /Users/williamsetiono/.rvm/gems/ruby-2.3.3/gems/actionpack-4.2.0/lib/action_dispatch/middleware/templates/rescues/template_error.html.erb within rescues/layout (76.4ms)
  Rendered /Users/williamsetiono/.rvm/gems/ruby-2.3.3/gems/web-console-2.3.0/lib/web_console/templates/_markup.html.erb (0.5ms)
  Rendered /Users/williamsetiono/.rvm/gems/ruby-2.3.3/gems/web-console-2.3.0/lib/web_console/templates/_inner_console_markup.html.erb within layouts/inlined_string (0.5ms)
  Rendered /Users/williamsetiono/.rvm/gems/ruby-2.3.3/gems/web-console-2.3.0/lib/web_console/templates/_prompt_box_markup.html.erb within layouts/inlined_string (0.3ms)
  Rendered /Users/williamsetiono/.rvm/gems/ruby-2.3.3/gems/web-console-2.3.0/lib/web_console/templates/style.css.erb within layouts/inlined_string (0.5ms)
  Rendered /Users/williamsetiono/.rvm/gems/ruby-2.3.3/gems/web-console-2.3.0/lib/web_console/templates/console.js.erb within layouts/javascript (64.1ms)
  Rendered /Users/williamsetiono/.rvm/gems/ruby-2.3.3/gems/web-console-2.3.0/lib/web_console/templates/main.js.erb within layouts/javascript (0.5ms)
  Rendered /Users/williamsetiono/.rvm/gems/ruby-2.3.3/gems/web-console-2.3.0/lib/web_console/templates/error_page.js.erb within layouts/javascript (0.4ms)
  Rendered /Users/williamsetiono/.rvm/gems/ruby-2.3.3/gems/web-console-2.3.0/lib/web_console/templates/index.html.erb (144.5ms)


Started GET "/videos/1" for ::1 at 2017-05-27 22:40:08 +0700
Processing by VideosController#show as HTML
  Parameters: {"id"=>"1"}
  [1m[36mVideo Load (0.2ms)[0m  [1mSELECT  "videos".* FROM "videos" WHERE "videos"."id" = ? LIMIT 1[0m  [["id", 1]]
  Rendered videos/show.html.erb within layouts/application (5.0ms)
Completed 500 Internal Server Error in 11ms

ActionView::Template::Error (undefined method `each' for nil:NilClass):
    3: <div class="row">
    4: 	<div class="col m3">
    5: 		<div class="collection">
    6: 			<% @videos.each do |video| %>
    7:         		<%= link_to video.title, video, :class => 'collection-item' %>
    8:         	<% end %>
    9:       	</div>
  app/views/videos/show.html.erb:6:in `_app_views_videos_show_html_erb__1924939171545223410_70312244852020'


  Rendered /Users/williamsetiono/.rvm/gems/ruby-2.3.3/gems/actionpack-4.2.0/lib/action_dispatch/middleware/templates/rescues/_source.erb (16.9ms)
  Rendered /Users/williamsetiono/.rvm/gems/ruby-2.3.3/gems/actionpack-4.2.0/lib/action_dispatch/middleware/templates/rescues/_trace.html.erb (3.2ms)
  Rendered /Users/williamsetiono/.rvm/gems/ruby-2.3.3/gems/actionpack-4.2.0/lib/action_dispatch/middleware/templates/rescues/_request_and_response.html.erb (1.3ms)
  Rendered /Users/williamsetiono/.rvm/gems/ruby-2.3.3/gems/actionpack-4.2.0/lib/action_dispatch/middleware/templates/rescues/template_error.html.erb within rescues/layout (79.3ms)
  Rendered /Users/williamsetiono/.rvm/gems/ruby-2.3.3/gems/web-console-2.3.0/lib/web_console/templates/_markup.html.erb (0.7ms)
  Rendered /Users/williamsetiono/.rvm/gems/ruby-2.3.3/gems/web-console-2.3.0/lib/web_console/templates/_inner_console_markup.html.erb within layouts/inlined_string (0.5ms)
  Rendered /Users/williamsetiono/.rvm/gems/ruby-2.3.3/gems/web-console-2.3.0/lib/web_console/templates/_prompt_box_markup.html.erb within layouts/inlined_string (0.9ms)
  Rendered /Users/williamsetiono/.rvm/gems/ruby-2.3.3/gems/web-console-2.3.0/lib/web_console/templates/style.css.erb within layouts/inlined_string (0.5ms)
  Rendered /Users/williamsetiono/.rvm/gems/ruby-2.3.3/gems/web-console-2.3.0/lib/web_console/templates/console.js.erb within layouts/javascript (67.8ms)
  Rendered /Users/williamsetiono/.rvm/gems/ruby-2.3.3/gems/web-console-2.3.0/lib/web_console/templates/main.js.erb within layouts/javascript (0.3ms)
  Rendered /Users/williamsetiono/.rvm/gems/ruby-2.3.3/gems/web-console-2.3.0/lib/web_console/templates/error_page.js.erb within layouts/javascript (0.4ms)
  Rendered /Users/williamsetiono/.rvm/gems/ruby-2.3.3/gems/web-console-2.3.0/lib/web_console/templates/index.html.erb (144.6ms)


Started PUT "/__web_console/repl_sessions/b07d12c8819ae00373dbacfdba0ebceb" for ::1 at 2017-05-27 22:44:57 +0700


Started GET "/videos/1" for ::1 at 2017-05-27 22:46:53 +0700
Processing by VideosController#show as HTML
  Parameters: {"id"=>"1"}
  [1m[35mVideo Load (0.4ms)[0m  SELECT  "videos".* FROM "videos" WHERE "videos"."id" = ? LIMIT 1  [["id", 1]]
  [1m[36mVideo Load (0.2ms)[0m  [1mSELECT "videos".* FROM "videos"[0m
  Rendered videos/show.html.erb within layouts/application (3.8ms)
Completed 200 OK in 36ms (Views: 26.5ms | ActiveRecord: 1.1ms)


Started GET "/videos/2" for ::1 at 2017-05-27 22:46:57 +0700
Processing by VideosController#show as HTML
  Parameters: {"id"=>"2"}
  [1m[35mVideo Load (0.1ms)[0m  SELECT  "videos".* FROM "videos" WHERE "videos"."id" = ? LIMIT 1  [["id", 2]]
  [1m[36mVideo Load (0.1ms)[0m  [1mSELECT "videos".* FROM "videos"[0m
  Rendered videos/show.html.erb within layouts/application (1.5ms)
Completed 200 OK in 14ms (Views: 12.8ms | ActiveRecord: 0.2ms)


Started GET "/videos/1" for ::1 at 2017-05-27 22:46:58 +0700
Processing by VideosController#show as HTML
  Parameters: {"id"=>"1"}
  [1m[35mVideo Load (0.2ms)[0m  SELECT  "videos".* FROM "videos" WHERE "videos"."id" = ? LIMIT 1  [["id", 1]]
  [1m[36mVideo Load (0.2ms)[0m  [1mSELECT "videos".* FROM "videos"[0m
  Rendered videos/show.html.erb within layouts/application (1.8ms)
Completed 200 OK in 17ms (Views: 15.3ms | ActiveRecord: 0.5ms)


Started GET "/videos/1" for ::1 at 2017-05-27 22:49:58 +0700
Processing by VideosController#show as HTML
  Parameters: {"id"=>"1"}
  [1m[35mVideo Load (0.2ms)[0m  SELECT  "videos".* FROM "videos" WHERE "videos"."id" = ? LIMIT 1  [["id", 1]]
  [1m[36mVideo Load (0.1ms)[0m  [1mSELECT "videos".* FROM "videos"[0m
  Rendered videos/show.html.erb within layouts/application (1.5ms)
Completed 200 OK in 23ms (Views: 16.1ms | ActiveRecord: 0.7ms)


Started GET "/" for ::1 at 2017-05-27 22:49:59 +0700
Processing by VideosController#index as HTML
  [1m[35mVideo Load (0.1ms)[0m  SELECT "videos".* FROM "videos"
  Rendered videos/index.html.erb within layouts/application (1.5ms)
Completed 200 OK in 22ms (Views: 21.5ms | ActiveRecord: 0.1ms)


Started GET "/" for ::1 at 2017-05-27 22:57:54 +0700
Processing by VideosController#index as HTML
  [1m[36mVideo Load (0.2ms)[0m  [1mSELECT "videos".* FROM "videos"[0m
  Rendered videos/index.html.erb within layouts/application (2.4ms)
Completed 200 OK in 27ms (Views: 25.3ms | ActiveRecord: 0.2ms)


Started GET "/videos/1" for ::1 at 2017-05-27 22:57:56 +0700
Processing by VideosController#show as HTML
  Parameters: {"id"=>"1"}
  [1m[35mVideo Load (0.2ms)[0m  SELECT  "videos".* FROM "videos" WHERE "videos"."id" = ? LIMIT 1  [["id", 1]]
  [1m[36mVideo Load (0.3ms)[0m  [1mSELECT "videos".* FROM "videos"[0m
  Rendered videos/show.html.erb within layouts/application (6.2ms)
Completed 200 OK in 32ms (Views: 29.5ms | ActiveRecord: 0.5ms)


Started GET "/videos/1" for ::1 at 2017-05-27 22:58:50 +0700
Processing by VideosController#show as HTML
  Parameters: {"id"=>"1"}
  [1m[35mVideo Load (0.2ms)[0m  SELECT  "videos".* FROM "videos" WHERE "videos"."id" = ? LIMIT 1  [["id", 1]]
  [1m[36mVideo Load (0.3ms)[0m  [1mSELECT "videos".* FROM "videos"[0m
  Rendered videos/show.html.erb within layouts/application (4.1ms)
Completed 200 OK in 43ms (Views: 40.1ms | ActiveRecord: 0.5ms)


Started GET "/videos/1" for ::1 at 2017-05-27 22:59:56 +0700
Processing by VideosController#show as HTML
  Parameters: {"id"=>"1"}
  [1m[35mVideo Load (0.2ms)[0m  SELECT  "videos".* FROM "videos" WHERE "videos"."id" = ? LIMIT 1  [["id", 1]]
  [1m[36mVideo Load (0.3ms)[0m  [1mSELECT "videos".* FROM "videos"[0m
  Rendered videos/show.html.erb within layouts/application (4.2ms)
Completed 200 OK in 45ms (Views: 42.2ms | ActiveRecord: 0.5ms)


Started GET "/videos/1" for ::1 at 2017-05-27 23:01:24 +0700
Processing by VideosController#show as HTML
  Parameters: {"id"=>"1"}
  [1m[35mVideo Load (0.1ms)[0m  SELECT  "videos".* FROM "videos" WHERE "videos"."id" = ? LIMIT 1  [["id", 1]]
  [1m[36mVideo Load (0.1ms)[0m  [1mSELECT "videos".* FROM "videos"[0m
  Rendered videos/show.html.erb within layouts/application (2.0ms)
Completed 200 OK in 21ms (Views: 18.8ms | ActiveRecord: 0.2ms)


Started GET "/videos/1" for ::1 at 2017-05-27 23:02:14 +0700
Processing by VideosController#show as HTML
  Parameters: {"id"=>"1"}
  [1m[35mVideo Load (0.1ms)[0m  SELECT  "videos".* FROM "videos" WHERE "videos"."id" = ? LIMIT 1  [["id", 1]]
  [1m[36mVideo Load (0.3ms)[0m  [1mSELECT "videos".* FROM "videos"[0m
  Rendered videos/show.html.erb within layouts/application (2.9ms)
Completed 200 OK in 25ms (Views: 23.4ms | ActiveRecord: 0.4ms)


Started GET "/videos/1" for ::1 at 2017-05-27 23:02:30 +0700
Processing by VideosController#show as HTML
  Parameters: {"id"=>"1"}
  [1m[35mVideo Load (0.1ms)[0m  SELECT  "videos".* FROM "videos" WHERE "videos"."id" = ? LIMIT 1  [["id", 1]]
  [1m[36mVideo Load (0.1ms)[0m  [1mSELECT "videos".* FROM "videos"[0m
  Rendered videos/show.html.erb within layouts/application (1.1ms)
Completed 200 OK in 62ms (Views: 60.6ms | ActiveRecord: 0.3ms)


Started GET "/videos/1/edit" for ::1 at 2017-05-27 23:02:39 +0700
Processing by VideosController#edit as HTML
  Parameters: {"id"=>"1"}
  [1m[35mVideo Load (0.2ms)[0m  SELECT  "videos".* FROM "videos" WHERE "videos"."id" = ? LIMIT 1  [["id", 1]]
  Rendered videos/_form.html.erb (3.0ms)
  Rendered videos/edit.html.erb within layouts/application (6.7ms)
Completed 200 OK in 25ms (Views: 22.6ms | ActiveRecord: 0.2ms)


Started PATCH "/videos/1" for ::1 at 2017-05-27 23:02:54 +0700
Processing by VideosController#update as HTML
  Parameters: {"utf8"=>"✓", "authenticity_token"=>"wNVLM5nuyHJWXfV5UiohsrxKSncLC1n9tgyUAX3RwuByCOPSHT8XM0UNIQ53KC4JGmjhwyLlHGvRYP2XET2/zw==", "video"=>{"wistia"=>"s6sifeo2o6", "title"=>"Kuta Beach", "description"=>"Long beach"}, "sction"=>"", "id"=>"1"}
  [1m[36mVideo Load (0.2ms)[0m  [1mSELECT  "videos".* FROM "videos" WHERE "videos"."id" = ? LIMIT 1[0m  [["id", 1]]
  [1m[35m (0.3ms)[0m  begin transaction
  [1m[36mSQL (0.9ms)[0m  [1mUPDATE "videos" SET "wistia" = ?, "updated_at" = ? WHERE "videos"."id" = ?[0m  [["wistia", "s6sifeo2o6"], ["updated_at", "2017-05-27 16:02:54.313883"], ["id", 1]]
  [1m[35m (0.8ms)[0m  commit transaction
Redirected to http://localhost:3000/videos/1
Completed 302 Found in 19ms (ActiveRecord: 2.2ms)


Started GET "/videos/1" for ::1 at 2017-05-27 23:02:54 +0700
Processing by VideosController#show as HTML
  Parameters: {"id"=>"1"}
  [1m[36mVideo Load (0.3ms)[0m  [1mSELECT  "videos".* FROM "videos" WHERE "videos"."id" = ? LIMIT 1[0m  [["id", 1]]
  [1m[35mVideo Load (0.3ms)[0m  SELECT "videos".* FROM "videos"
  Rendered videos/show.html.erb within layouts/application (3.1ms)
Completed 200 OK in 31ms (Views: 29.7ms | ActiveRecord: 0.6ms)


Started GET "/videos/1" for ::1 at 2017-05-27 23:03:21 +0700
Processing by VideosController#show as HTML
  Parameters: {"id"=>"1"}
  [1m[36mVideo Load (0.1ms)[0m  [1mSELECT  "videos".* FROM "videos" WHERE "videos"."id" = ? LIMIT 1[0m  [["id", 1]]
  [1m[35mVideo Load (0.2ms)[0m  SELECT "videos".* FROM "videos"
  Rendered videos/show.html.erb within layouts/application (36.1ms)
Completed 500 Internal Server Error in 44ms

ActionView::Template::Error (undefined local variable or method `video' for #<#<Class:0x007fe5ac4a4c70>:0x007fe5b10c0730>):
    13: 		
    14: 			<div class="card-image">
    15: 
    16: 				<div class="wistia_responsive_padding" style="padding:56.25% 0 28px 0;position:relative;"><div class="wistia_responsive_wrapper" style="height:100%;left:0;position:absolute;top:0;width:100%;"><div class="wistia_embed wistia_async_<%= video.wistia %> videoFoam=true" style="height:100%;width:100%">&nbsp;</div></div></div>
    17: 
    18: 			</div>
    19: 
  app/views/videos/show.html.erb:16:in `_app_views_videos_show_html_erb__1924939171545223410_70312246942280'


  Rendered /Users/williamsetiono/.rvm/gems/ruby-2.3.3/gems/actionpack-4.2.0/lib/action_dispatch/middleware/templates/rescues/_source.erb (6.1ms)
  Rendered /Users/williamsetiono/.rvm/gems/ruby-2.3.3/gems/actionpack-4.2.0/lib/action_dispatch/middleware/templates/rescues/_trace.html.erb (3.1ms)
  Rendered /Users/williamsetiono/.rvm/gems/ruby-2.3.3/gems/actionpack-4.2.0/lib/action_dispatch/middleware/templates/rescues/_request_and_response.html.erb (1.1ms)
  Rendered /Users/williamsetiono/.rvm/gems/ruby-2.3.3/gems/actionpack-4.2.0/lib/action_dispatch/middleware/templates/rescues/template_error.html.erb within rescues/layout (79.3ms)
  Rendered /Users/williamsetiono/.rvm/gems/ruby-2.3.3/gems/web-console-2.3.0/lib/web_console/templates/_markup.html.erb (0.6ms)
  Rendered /Users/williamsetiono/.rvm/gems/ruby-2.3.3/gems/web-console-2.3.0/lib/web_console/templates/_inner_console_markup.html.erb within layouts/inlined_string (0.4ms)
  Rendered /Users/williamsetiono/.rvm/gems/ruby-2.3.3/gems/web-console-2.3.0/lib/web_console/templates/_prompt_box_markup.html.erb within layouts/inlined_string (0.4ms)
  Rendered /Users/williamsetiono/.rvm/gems/ruby-2.3.3/gems/web-console-2.3.0/lib/web_console/templates/style.css.erb within layouts/inlined_string (0.5ms)
  Rendered /Users/williamsetiono/.rvm/gems/ruby-2.3.3/gems/web-console-2.3.0/lib/web_console/templates/console.js.erb within layouts/javascript (60.2ms)
  Rendered /Users/williamsetiono/.rvm/gems/ruby-2.3.3/gems/web-console-2.3.0/lib/web_console/templates/main.js.erb within layouts/javascript (0.4ms)
  Rendered /Users/williamsetiono/.rvm/gems/ruby-2.3.3/gems/web-console-2.3.0/lib/web_console/templates/error_page.js.erb within layouts/javascript (0.8ms)
  Rendered /Users/williamsetiono/.rvm/gems/ruby-2.3.3/gems/web-console-2.3.0/lib/web_console/templates/index.html.erb (134.1ms)


Started GET "/videos/1" for ::1 at 2017-05-27 23:03:45 +0700
Processing by VideosController#show as HTML
  Parameters: {"id"=>"1"}
  [1m[36mVideo Load (0.1ms)[0m  [1mSELECT  "videos".* FROM "videos" WHERE "videos"."id" = ? LIMIT 1[0m  [["id", 1]]
  [1m[35mVideo Load (0.2ms)[0m  SELECT "videos".* FROM "videos"
  Rendered videos/show.html.erb within layouts/application (2.1ms)
Completed 200 OK in 23ms (Views: 21.8ms | ActiveRecord: 0.3ms)


Started GET "/videos/1/edit" for ::1 at 2017-05-27 23:04:08 +0700
Processing by VideosController#edit as HTML
  Parameters: {"id"=>"1"}
  [1m[36mVideo Load (0.2ms)[0m  [1mSELECT  "videos".* FROM "videos" WHERE "videos"."id" = ? LIMIT 1[0m  [["id", 1]]
  Rendered videos/_form.html.erb (1.5ms)
  Rendered videos/edit.html.erb within layouts/application (3.9ms)
Completed 200 OK in 26ms (Views: 24.2ms | ActiveRecord: 0.2ms)


Started GET "/videos/1/edit" for ::1 at 2017-05-27 23:04:10 +0700
Processing by VideosController#edit as HTML
  Parameters: {"id"=>"1"}
  [1m[35mVideo Load (0.1ms)[0m  SELECT  "videos".* FROM "videos" WHERE "videos"."id" = ? LIMIT 1  [["id", 1]]
  Rendered videos/_form.html.erb (0.9ms)
  Rendered videos/edit.html.erb within layouts/application (3.9ms)
Completed 200 OK in 17ms (Views: 16.3ms | ActiveRecord: 0.1ms)


Started GET "/videos/1/edit" for ::1 at 2017-05-27 23:04:11 +0700
Processing by VideosController#edit as HTML
  Parameters: {"id"=>"1"}
  [1m[36mVideo Load (0.1ms)[0m  [1mSELECT  "videos".* FROM "videos" WHERE "videos"."id" = ? LIMIT 1[0m  [["id", 1]]
  Rendered videos/_form.html.erb (1.3ms)
  Rendered videos/edit.html.erb within layouts/application (3.3ms)
Completed 200 OK in 22ms (Views: 21.0ms | ActiveRecord: 0.1ms)


Started GET "/videos/1/edit" for ::1 at 2017-05-27 23:04:11 +0700
Processing by VideosController#edit as HTML
  Parameters: {"id"=>"1"}
  [1m[35mVideo Load (0.1ms)[0m  SELECT  "videos".* FROM "videos" WHERE "videos"."id" = ? LIMIT 1  [["id", 1]]
  Rendered videos/_form.html.erb (1.1ms)
  Rendered videos/edit.html.erb within layouts/application (2.4ms)
Completed 200 OK in 21ms (Views: 19.8ms | ActiveRecord: 0.1ms)


Started GET "/videos/1/edit" for ::1 at 2017-05-27 23:04:11 +0700
Processing by VideosController#edit as HTML
  Parameters: {"id"=>"1"}
  [1m[36mVideo Load (0.2ms)[0m  [1mSELECT  "videos".* FROM "videos" WHERE "videos"."id" = ? LIMIT 1[0m  [["id", 1]]
  Rendered videos/_form.html.erb (1.5ms)
  Rendered videos/edit.html.erb within layouts/application (3.7ms)
Completed 200 OK in 24ms (Views: 22.5ms | ActiveRecord: 0.2ms)


Started GET "/videos/1/edit" for ::1 at 2017-05-27 23:04:12 +0700
Processing by VideosController#edit as HTML
  Parameters: {"id"=>"1"}
  [1m[35mVideo Load (0.1ms)[0m  SELECT  "videos".* FROM "videos" WHERE "videos"."id" = ? LIMIT 1  [["id", 1]]
  Rendered videos/_form.html.erb (1.3ms)
  Rendered videos/edit.html.erb within layouts/application (3.4ms)
Completed 200 OK in 20ms (Views: 19.2ms | ActiveRecord: 0.1ms)


Started GET "/" for ::1 at 2017-05-27 23:04:15 +0700
Processing by VideosController#index as HTML
  [1m[36mVideo Load (0.2ms)[0m  [1mSELECT "videos".* FROM "videos"[0m
  Rendered videos/index.html.erb within layouts/application (2.3ms)
Completed 200 OK in 26ms (Views: 24.8ms | ActiveRecord: 0.2ms)


Started GET "/videos/2" for ::1 at 2017-05-27 23:04:17 +0700
Processing by VideosController#show as HTML
  Parameters: {"id"=>"2"}
  [1m[35mVideo Load (0.1ms)[0m  SELECT  "videos".* FROM "videos" WHERE "videos"."id" = ? LIMIT 1  [["id", 2]]
  [1m[36mVideo Load (0.1ms)[0m  [1mSELECT "videos".* FROM "videos"[0m
  Rendered videos/show.html.erb within layouts/application (1.2ms)
Completed 200 OK in 23ms (Views: 21.5ms | ActiveRecord: 0.2ms)


Started GET "/videos/2/edit" for ::1 at 2017-05-27 23:04:20 +0700
Processing by VideosController#edit as HTML
  Parameters: {"id"=>"2"}
  [1m[35mVideo Load (0.2ms)[0m  SELECT  "videos".* FROM "videos" WHERE "videos"."id" = ? LIMIT 1  [["id", 2]]
  Rendered videos/_form.html.erb (1.0ms)
  Rendered videos/edit.html.erb within layouts/application (3.1ms)
Completed 200 OK in 24ms (Views: 22.4ms | ActiveRecord: 0.2ms)


Started PATCH "/videos/2" for ::1 at 2017-05-27 23:04:32 +0700
Processing by VideosController#update as HTML
  Parameters: {"utf8"=>"✓", "authenticity_token"=>"iu1A2dUGJaNwHkxaWUzEc3OoUo8EBzAs109RS6rvQHk4MOg4Udf64mNOmC18TsvI1Yr5Oy3pdbqwIzjdxgM9Vg==", "video"=>{"wistia"=>"vyc2j8bbib", "title"=>"Gili Trawangan Beach", "description"=>"Nice beach"}, "sction"=>"", "id"=>"2"}
  [1m[36mVideo Load (0.1ms)[0m  [1mSELECT  "videos".* FROM "videos" WHERE "videos"."id" = ? LIMIT 1[0m  [["id", 2]]
  [1m[35m (0.1ms)[0m  begin transaction
  [1m[36mSQL (0.6ms)[0m  [1mUPDATE "videos" SET "wistia" = ?, "updated_at" = ? WHERE "videos"."id" = ?[0m  [["wistia", "vyc2j8bbib"], ["updated_at", "2017-05-27 16:04:32.559605"], ["id", 2]]
  [1m[35m (0.8ms)[0m  commit transaction
Redirected to http://localhost:3000/videos/2
Completed 302 Found in 6ms (ActiveRecord: 1.6ms)


Started GET "/videos/2" for ::1 at 2017-05-27 23:04:32 +0700
Processing by VideosController#show as HTML
  Parameters: {"id"=>"2"}
  [1m[36mVideo Load (0.1ms)[0m  [1mSELECT  "videos".* FROM "videos" WHERE "videos"."id" = ? LIMIT 1[0m  [["id", 2]]
  [1m[35mVideo Load (0.2ms)[0m  SELECT "videos".* FROM "videos"
  Rendered videos/show.html.erb within layouts/application (1.7ms)
Completed 200 OK in 17ms (Views: 15.7ms | ActiveRecord: 0.4ms)


Started GET "/" for ::1 at 2017-05-27 23:04:35 +0700
Processing by VideosController#index as HTML
  [1m[36mVideo Load (0.2ms)[0m  [1mSELECT "videos".* FROM "videos"[0m
  Rendered videos/index.html.erb within layouts/application (2.0ms)
Completed 200 OK in 14ms (Views: 12.7ms | ActiveRecord: 0.2ms)


Started GET "/videos/1/edit" for ::1 at 2017-05-27 23:04:37 +0700
Processing by VideosController#edit as HTML
  Parameters: {"id"=>"1"}
  [1m[35mVideo Load (0.6ms)[0m  SELECT  "videos".* FROM "videos" WHERE "videos"."id" = ? LIMIT 1  [["id", 1]]
  Rendered videos/_form.html.erb (1.4ms)
  Rendered videos/edit.html.erb within layouts/application (2.9ms)
Completed 200 OK in 23ms (Views: 20.7ms | ActiveRecord: 0.6ms)


Started GET "/videos/1/edit" for ::1 at 2017-05-27 23:04:38 +0700
Processing by VideosController#edit as HTML
  Parameters: {"id"=>"1"}
  [1m[36mVideo Load (0.1ms)[0m  [1mSELECT  "videos".* FROM "videos" WHERE "videos"."id" = ? LIMIT 1[0m  [["id", 1]]
  Rendered videos/_form.html.erb (1.3ms)
  Rendered videos/edit.html.erb within layouts/application (2.6ms)
Completed 200 OK in 21ms (Views: 19.9ms | ActiveRecord: 0.1ms)


Started GET "/videos/1/edit" for ::1 at 2017-05-27 23:04:38 +0700
Processing by VideosController#edit as HTML
  Parameters: {"id"=>"1"}
  [1m[35mVideo Load (0.1ms)[0m  SELECT  "videos".* FROM "videos" WHERE "videos"."id" = ? LIMIT 1  [["id", 1]]
  Rendered videos/_form.html.erb (1.0ms)
  Rendered videos/edit.html.erb within layouts/application (2.6ms)
Completed 200 OK in 19ms (Views: 17.9ms | ActiveRecord: 0.1ms)


Started GET "/videos/1/edit" for ::1 at 2017-05-27 23:04:39 +0700
Processing by VideosController#edit as HTML
  Parameters: {"id"=>"1"}
  [1m[36mVideo Load (0.2ms)[0m  [1mSELECT  "videos".* FROM "videos" WHERE "videos"."id" = ? LIMIT 1[0m  [["id", 1]]
  Rendered videos/_form.html.erb (0.9ms)
  Rendered videos/edit.html.erb within layouts/application (2.4ms)
Completed 200 OK in 17ms (Views: 15.0ms | ActiveRecord: 0.2ms)


Started PATCH "/videos/1" for ::1 at 2017-05-27 23:06:03 +0700
Processing by VideosController#update as HTML
  Parameters: {"utf8"=>"✓", "authenticity_token"=>"kuo0jD33Mb9W6T9oJ716epww1kZYGi5mqQbCEqD0dGEgN5xtuSbu/kW56x8Cv3XBOhJ98nH0a/DOaquEzBgJTg==", "video"=>{"wistia"=>"s6sifeo2o6", "title"=>"Kuta Beach", "description"=>"Long beach"}, "sction"=>"", "id"=>"1"}
  [1m[35mVideo Load (0.1ms)[0m  SELECT  "videos".* FROM "videos" WHERE "videos"."id" = ? LIMIT 1  [["id", 1]]
  [1m[36m (0.1ms)[0m  [1mbegin transaction[0m
  [1m[35m (0.1ms)[0m  commit transaction
Redirected to http://localhost:3000/videos/1
Completed 302 Found in 4ms (ActiveRecord: 0.3ms)


Started GET "/videos/1" for ::1 at 2017-05-27 23:06:03 +0700
Processing by VideosController#show as HTML
  Parameters: {"id"=>"1"}
  [1m[36mVideo Load (0.1ms)[0m  [1mSELECT  "videos".* FROM "videos" WHERE "videos"."id" = ? LIMIT 1[0m  [["id", 1]]
  [1m[35mVideo Load (0.2ms)[0m  SELECT "videos".* FROM "videos"
  Rendered videos/show.html.erb within layouts/application (1.5ms)
Completed 200 OK in 32ms (Views: 31.1ms | ActiveRecord: 0.3ms)


Started GET "/videos/1/edit" for ::1 at 2017-05-27 23:06:28 +0700
Processing by VideosController#edit as HTML
  Parameters: {"id"=>"1"}
  [1m[36mVideo Load (0.1ms)[0m  [1mSELECT  "videos".* FROM "videos" WHERE "videos"."id" = ? LIMIT 1[0m  [["id", 1]]
  Rendered videos/_form.html.erb (2.9ms)
  Rendered videos/edit.html.erb within layouts/application (5.4ms)
Completed 200 OK in 28ms (Views: 26.9ms | ActiveRecord: 0.1ms)


Started GET "/videos/1/edit" for ::1 at 2017-05-27 23:06:29 +0700
Processing by VideosController#edit as HTML
  Parameters: {"id"=>"1"}
  [1m[35mVideo Load (0.1ms)[0m  SELECT  "videos".* FROM "videos" WHERE "videos"."id" = ? LIMIT 1  [["id", 1]]
  Rendered videos/_form.html.erb (1.6ms)
  Rendered videos/edit.html.erb within layouts/application (3.7ms)
Completed 200 OK in 22ms (Views: 20.6ms | ActiveRecord: 0.1ms)


Started GET "/videos/1/edit" for ::1 at 2017-05-27 23:06:30 +0700
Processing by VideosController#edit as HTML
  Parameters: {"id"=>"1"}
  [1m[36mVideo Load (0.1ms)[0m  [1mSELECT  "videos".* FROM "videos" WHERE "videos"."id" = ? LIMIT 1[0m  [["id", 1]]
  Rendered videos/_form.html.erb (1.1ms)
  Rendered videos/edit.html.erb within layouts/application (2.5ms)
Completed 200 OK in 16ms (Views: 14.8ms | ActiveRecord: 0.1ms)


Started GET "/videos/1/edit" for ::1 at 2017-05-27 23:06:31 +0700
Processing by VideosController#edit as HTML
  Parameters: {"id"=>"1"}
  [1m[35mVideo Load (0.1ms)[0m  SELECT  "videos".* FROM "videos" WHERE "videos"."id" = ? LIMIT 1  [["id", 1]]
  Rendered videos/_form.html.erb (1.2ms)
  Rendered videos/edit.html.erb within layouts/application (2.9ms)
Completed 200 OK in 20ms (Views: 19.0ms | ActiveRecord: 0.1ms)


Started GET "/videos/1/edit" for ::1 at 2017-05-27 23:06:31 +0700
Processing by VideosController#edit as HTML
  Parameters: {"id"=>"1"}
  [1m[36mVideo Load (0.2ms)[0m  [1mSELECT  "videos".* FROM "videos" WHERE "videos"."id" = ? LIMIT 1[0m  [["id", 1]]
  Rendered videos/_form.html.erb (1.9ms)
  Rendered videos/edit.html.erb within layouts/application (4.0ms)
Completed 200 OK in 28ms (Views: 25.7ms | ActiveRecord: 0.2ms)


Started GET "/videos/1/edit" for ::1 at 2017-05-27 23:06:32 +0700
Processing by VideosController#edit as HTML
  Parameters: {"id"=>"1"}
  [1m[35mVideo Load (0.2ms)[0m  SELECT  "videos".* FROM "videos" WHERE "videos"."id" = ? LIMIT 1  [["id", 1]]
  Rendered videos/_form.html.erb (1.6ms)
  Rendered videos/edit.html.erb within layouts/application (3.7ms)
Completed 200 OK in 26ms (Views: 24.5ms | ActiveRecord: 0.2ms)


Started GET "/videos/1/edit" for ::1 at 2017-05-27 23:06:33 +0700
Processing by VideosController#edit as HTML
  Parameters: {"id"=>"1"}
  [1m[36mVideo Load (0.2ms)[0m  [1mSELECT  "videos".* FROM "videos" WHERE "videos"."id" = ? LIMIT 1[0m  [["id", 1]]
  Rendered videos/_form.html.erb (1.7ms)
  Rendered videos/edit.html.erb within layouts/application (3.5ms)
Completed 200 OK in 19ms (Views: 17.2ms | ActiveRecord: 0.2ms)


Started GET "/videos/1/edit" for ::1 at 2017-05-27 23:06:33 +0700
Processing by VideosController#edit as HTML
  Parameters: {"id"=>"1"}
  [1m[35mVideo Load (0.2ms)[0m  SELECT  "videos".* FROM "videos" WHERE "videos"."id" = ? LIMIT 1  [["id", 1]]
  Rendered videos/_form.html.erb (1.4ms)
  Rendered videos/edit.html.erb within layouts/application (3.2ms)
Completed 200 OK in 26ms (Views: 23.9ms | ActiveRecord: 0.2ms)


Started GET "/videos/1/edit" for ::1 at 2017-05-27 23:06:33 +0700
Processing by VideosController#edit as HTML
  Parameters: {"id"=>"1"}
  [1m[36mVideo Load (0.2ms)[0m  [1mSELECT  "videos".* FROM "videos" WHERE "videos"."id" = ? LIMIT 1[0m  [["id", 1]]
  Rendered videos/_form.html.erb (1.3ms)
  Rendered videos/edit.html.erb within layouts/application (3.5ms)
Completed 200 OK in 28ms (Views: 25.5ms | ActiveRecord: 0.2ms)


Started GET "/videos/1/edit" for ::1 at 2017-05-27 23:07:23 +0700
Processing by VideosController#edit as HTML
  Parameters: {"id"=>"1"}
  [1m[35mVideo Load (0.2ms)[0m  SELECT  "videos".* FROM "videos" WHERE "videos"."id" = ? LIMIT 1  [["id", 1]]
  Rendered videos/_form.html.erb (1.9ms)
  Rendered videos/edit.html.erb within layouts/application (3.1ms)
Completed 200 OK in 18ms (Views: 17.0ms | ActiveRecord: 0.2ms)


Started GET "/videos" for ::1 at 2017-05-27 23:07:24 +0700
Processing by VideosController#index as HTML
  [1m[36mVideo Load (0.2ms)[0m  [1mSELECT "videos".* FROM "videos"[0m
  Rendered videos/index.html.erb within layouts/application (1.8ms)
Completed 200 OK in 25ms (Views: 23.5ms | ActiveRecord: 0.2ms)


Started GET "/videos/2" for ::1 at 2017-05-27 23:07:27 +0700
Processing by VideosController#show as HTML
  Parameters: {"id"=>"2"}
  [1m[35mVideo Load (0.3ms)[0m  SELECT  "videos".* FROM "videos" WHERE "videos"."id" = ? LIMIT 1  [["id", 2]]
  [1m[36mVideo Load (0.2ms)[0m  [1mSELECT "videos".* FROM "videos"[0m
  Rendered videos/show.html.erb within layouts/application (1.4ms)
Completed 200 OK in 31ms (Views: 28.6ms | ActiveRecord: 0.5ms)


Started GET "/videos/2" for ::1 at 2017-05-27 23:13:19 +0700
Processing by VideosController#show as HTML
  Parameters: {"id"=>"2"}
  [1m[35mVideo Load (0.3ms)[0m  SELECT  "videos".* FROM "videos" WHERE "videos"."id" = ? LIMIT 1  [["id", 2]]
  [1m[36mVideo Load (0.2ms)[0m  [1mSELECT  "videos".* FROM "videos" WHERE (id > 2)  ORDER BY "videos"."id" ASC LIMIT 1[0m
  [1m[35mVideo Load (0.1ms)[0m  SELECT  "videos".* FROM "videos" WHERE (id < 2)  ORDER BY "videos"."id" DESC LIMIT 1
  [1m[36mVideo Load (0.2ms)[0m  [1mSELECT "videos".* FROM "videos"[0m
  Rendered videos/show.html.erb within layouts/application (3.9ms)
Completed 200 OK in 42ms (Views: 28.4ms | ActiveRecord: 1.6ms)


Started GET "/videos/1" for ::1 at 2017-05-27 23:13:24 +0700
Processing by VideosController#show as HTML
  Parameters: {"id"=>"1"}
  [1m[35mVideo Load (0.2ms)[0m  SELECT  "videos".* FROM "videos" WHERE "videos"."id" = ? LIMIT 1  [["id", 1]]
  [1m[36mVideo Load (0.3ms)[0m  [1mSELECT  "videos".* FROM "videos" WHERE (id > 1)  ORDER BY "videos"."id" ASC LIMIT 1[0m
  [1m[35mVideo Load (0.1ms)[0m  SELECT  "videos".* FROM "videos" WHERE (id < 1)  ORDER BY "videos"."id" DESC LIMIT 1
  [1m[36mVideo Load (0.1ms)[0m  [1mSELECT "videos".* FROM "videos"[0m
  Rendered videos/show.html.erb within layouts/application (1.1ms)
Completed 200 OK in 17ms (Views: 13.2ms | ActiveRecord: 0.7ms)


Started GET "/videos/2" for ::1 at 2017-05-27 23:13:25 +0700
Processing by VideosController#show as HTML
  Parameters: {"id"=>"2"}
  [1m[35mVideo Load (0.4ms)[0m  SELECT  "videos".* FROM "videos" WHERE "videos"."id" = ? LIMIT 1  [["id", 2]]
  [1m[36mVideo Load (0.2ms)[0m  [1mSELECT  "videos".* FROM "videos" WHERE (id > 2)  ORDER BY "videos"."id" ASC LIMIT 1[0m
  [1m[35mVideo Load (0.4ms)[0m  SELECT  "videos".* FROM "videos" WHERE (id < 2)  ORDER BY "videos"."id" DESC LIMIT 1
  [1m[36mVideo Load (0.2ms)[0m  [1mSELECT "videos".* FROM "videos"[0m
  Rendered videos/show.html.erb within layouts/application (1.2ms)
Completed 200 OK in 50ms (Views: 45.1ms | ActiveRecord: 1.2ms)


Started GET "/videos/1" for ::1 at 2017-05-27 23:13:27 +0700
Processing by VideosController#show as HTML
  Parameters: {"id"=>"1"}
  [1m[35mVideo Load (0.1ms)[0m  SELECT  "videos".* FROM "videos" WHERE "videos"."id" = ? LIMIT 1  [["id", 1]]
  [1m[36mVideo Load (0.2ms)[0m  [1mSELECT  "videos".* FROM "videos" WHERE (id > 1)  ORDER BY "videos"."id" ASC LIMIT 1[0m
  [1m[35mVideo Load (0.2ms)[0m  SELECT  "videos".* FROM "videos" WHERE (id < 1)  ORDER BY "videos"."id" DESC LIMIT 1
  [1m[36mVideo Load (0.2ms)[0m  [1mSELECT "videos".* FROM "videos"[0m
  Rendered videos/show.html.erb within layouts/application (1.4ms)
Completed 200 OK in 21ms (Views: 17.4ms | ActiveRecord: 0.6ms)
  [1m[36mActiveRecord::SchemaMigration Load (0.1ms)[0m  [1mSELECT "schema_migrations".* FROM "schema_migrations"[0m
  [1m[35mActiveRecord::SchemaMigration Load (0.1ms)[0m  SELECT "schema_migrations".* FROM "schema_migrations"
